[INFO] 03:45:38:201 cpu.log/(31727:31816): PID: 1 - FETCH - Program Counter: 0
[INFO] 03:45:38:337 cpu.log/(31727:31816): PID: 1 - Ejecutando: SET EAX 16
[INFO] 03:45:38:342 cpu.log/(31727:31816): PID: 1 - FETCH - Program Counter: 1
[INFO] 03:45:38:447 cpu.log/(31727:31816): PID: 1 - Ejecutando: SET EBX 20
[INFO] 03:45:38:448 cpu.log/(31727:31816): PID: 1 - FETCH - Program Counter: 2
[INFO] 03:45:38:552 cpu.log/(31727:31816): PID: 1 - Ejecutando: RESIZE 128
[INFO] 03:45:38:555 cpu.log/(31727:31816): PID: 1 - FETCH - Program Counter: 3
[INFO] 03:45:38:656 cpu.log/(31727:31816): PID: 1 - Ejecutando: IO_STDIN_READ TECLADO EAX EBX
[INFO] 03:45:38:661 cpu.log/(31727:31816): PID: 1 - OBTENER MARCO - Página: 1 - Marco: 1 

[INFO] 03:45:38:663 cpu.log/(31727:31816): PID: 1 - OBTENER MARCO - Página: 2 - Marco: 2 

[INFO] 03:45:41:834 cpu.log/(31727:31816): PID: 2 - FETCH - Program Counter: 0
[INFO] 03:45:41:936 cpu.log/(31727:31816): PID: 2 - Ejecutando: RESIZE 40
[INFO] 03:45:41:937 cpu.log/(31727:31816): Recibi una interrupcion de Fin de Quantum del proceso PID: 2

[INFO] 03:45:42:948 cpu.log/(31727:31816): PID: 3 - FETCH - Program Counter: 0
[INFO] 03:45:43:051 cpu.log/(31727:31816): PID: 3 - Ejecutando: SET AX 0
[INFO] 03:45:43:052 cpu.log/(31727:31816): Recibi una interrupcion de Fin de Quantum del proceso PID: 3

[INFO] 03:45:43:876 cpu.log/(31727:31816): PID: 2 - FETCH - Program Counter: 1
[INFO] 03:45:43:989 cpu.log/(31727:31816): PID: 2 - Ejecutando: SET BX 0
[INFO] 03:45:43:989 cpu.log/(31727:31816): Recibi una interrupcion de Fin de Quantum del proceso PID: 2

[INFO] 03:45:49:207 cpu.log/(31727:31816): PID: 3 - FETCH - Program Counter: 1
[INFO] 03:45:49:314 cpu.log/(31727:31816): PID: 3 - Ejecutando: SET BX 32
[INFO] 03:45:49:314 cpu.log/(31727:31816): Recibi una interrupcion de Fin de Quantum del proceso PID: 3

[INFO] 03:45:51:173 cpu.log/(31727:31816): PID: 2 - FETCH - Program Counter: 2
[INFO] 03:45:51:276 cpu.log/(31727:31816): PID: 2 - Ejecutando: SET CX 1
[INFO] 03:45:51:276 cpu.log/(31727:31816): Recibi una interrupcion de Fin de Quantum del proceso PID: 2

[INFO] 03:45:54:933 cpu.log/(31727:31816): PID: 3 - FETCH - Program Counter: 2
[INFO] 03:45:55:034 cpu.log/(31727:31816): PID: 3 - Ejecutando: SET CX 26
[INFO] 03:45:55:034 cpu.log/(31727:31816): Recibi una interrupcion de Fin de Quantum del proceso PID: 3

[INFO] 03:46:03:345 cpu.log/(31727:31816): PID: 2 - FETCH - Program Counter: 3
[INFO] 03:46:03:446 cpu.log/(31727:31816): PID: 2 - Ejecutando: SET AX 73
[INFO] 03:46:03:447 cpu.log/(31727:31816): Recibi una interrupcion de Fin de Quantum del proceso PID: 2

[INFO] 03:46:14:256 cpu.log/(31727:31816): PID: 3 - FETCH - Program Counter: 3
[INFO] 03:46:14:370 cpu.log/(31727:31816): PID: 3 - Ejecutando: RESIZE 64
[INFO] 03:46:14:370 cpu.log/(31727:31816): Recibi una interrupcion de Fin de Quantum del proceso PID: 3

[INFO] 03:46:15:300 cpu.log/(31727:31816): PID: 2 - FETCH - Program Counter: 4
[INFO] 03:46:15:407 cpu.log/(31727:31816): PID: 2 - Ejecutando: MOV_OUT BX AX
[INFO] 03:46:15:408 cpu.log/(31727:31816): PID: 2 - OBTENER MARCO - Página: 0 - Marco: 8 

[INFO] 03:46:15:408 cpu.log/(31727:31816): PID: 2 - Acción: ESCRIBIR - Dirección Física: 128 - Valor: 73 

[INFO] 03:46:15:414 cpu.log/(31727:31816): Recibi una interrupcion de Fin de Quantum del proceso PID: 2

[INFO] 03:46:16:876 cpu.log/(31727:31816): PID: 3 - FETCH - Program Counter: 4
[INFO] 03:46:16:977 cpu.log/(31727:31816): PID: 3 - Ejecutando: IO_STDIN_READ TECLADO AX CX
[INFO] 03:46:16:977 cpu.log/(31727:31816): PID: 3 - OBTENER MARCO - Página: 0 - Marco: 11 

[INFO] 03:46:16:977 cpu.log/(31727:31816): PID: 3 - OBTENER MARCO - Página: 1 - Marco: 12 

[INFO] 03:46:16:978 cpu.log/(31727:31816): Recibi una interrupcion de Fin de Quantum del proceso PID: 3

[INFO] 03:46:23:353 cpu.log/(31727:31816): PID: 2 - FETCH - Program Counter: 5
[INFO] 03:46:23:466 cpu.log/(31727:31816): PID: 2 - Ejecutando: SUM BX CX
[INFO] 03:46:23:467 cpu.log/(31727:31816): Recibi una interrupcion de Fin de Quantum del proceso PID: 2

[INFO] 03:46:32:447 cpu.log/(31727:31816): PID: 2 - FETCH - Program Counter: 6
[INFO] 03:46:32:549 cpu.log/(31727:31816): PID: 2 - Ejecutando: SET AX 32
[INFO] 03:46:32:549 cpu.log/(31727:31816): Recibi una interrupcion de Fin de Quantum del proceso PID: 2

[INFO] 03:46:37:337 cpu.log/(31727:31816): PID: 2 - FETCH - Program Counter: 7
[INFO] 03:46:37:438 cpu.log/(31727:31816): PID: 2 - Ejecutando: MOV_OUT BX AX
[INFO] 03:46:37:438 cpu.log/(31727:31816): PID: 2 - OBTENER MARCO - Página: 0 - Marco: 8 

[INFO] 03:46:37:438 cpu.log/(31727:31816): PID: 2 - Acción: ESCRIBIR - Dirección Física: 129 - Valor: 32 

[INFO] 03:46:37:440 cpu.log/(31727:31816): Recibi una interrupcion de Fin de Quantum del proceso PID: 2

[INFO] 03:46:38:671 cpu.log/(31727:31816): PID: 2 - FETCH - Program Counter: 8
[INFO] 03:46:38:772 cpu.log/(31727:31816): PID: 2 - Ejecutando: IO_GEN_SLEEP GENERICA 1
[INFO] 03:46:38:773 cpu.log/(31727:31816): Recibi una interrupcion de Fin de Quantum del proceso PID: 2

[INFO] 03:46:42:571 cpu.log/(31727:31816): PID: 2 - FETCH - Program Counter: 9
[INFO] 03:46:42:672 cpu.log/(31727:31816): PID: 2 - Ejecutando: SUM BX CX
[INFO] 03:46:42:672 cpu.log/(31727:31816): Recibi una interrupcion de Fin de Quantum del proceso PID: 2

[INFO] 03:46:45:901 cpu.log/(31727:31816): PID: 2 - FETCH - Program Counter: 10
[INFO] 03:46:46:004 cpu.log/(31727:31816): PID: 2 - Ejecutando: SET AX 100
[INFO] 03:46:46:004 cpu.log/(31727:31816): Recibi una interrupcion de Fin de Quantum del proceso PID: 2

[INFO] 03:46:47:200 cpu.log/(31727:31816): PID: 2 - FETCH - Program Counter: 11
[INFO] 03:46:47:303 cpu.log/(31727:31816): PID: 2 - Ejecutando: MOV_OUT BX AX
[INFO] 03:46:47:303 cpu.log/(31727:31816): PID: 2 - OBTENER MARCO - Página: 0 - Marco: 8 

[INFO] 03:46:47:304 cpu.log/(31727:31816): PID: 2 - Acción: ESCRIBIR - Dirección Física: 130 - Valor: 100 

[INFO] 03:46:47:307 cpu.log/(31727:31816): Recibi una interrupcion de Fin de Quantum del proceso PID: 2

[INFO] 03:46:50:268 cpu.log/(31727:31816): PID: 2 - FETCH - Program Counter: 12
[INFO] 03:46:50:374 cpu.log/(31727:31816): PID: 2 - Ejecutando: SUM BX CX
[INFO] 03:46:50:374 cpu.log/(31727:31816): Recibi una interrupcion de Fin de Quantum del proceso PID: 2

[INFO] 03:46:59:138 cpu.log/(31727:31816): PID: 2 - FETCH - Program Counter: 13
[INFO] 03:46:59:239 cpu.log/(31727:31816): PID: 2 - Ejecutando: SET AX 111
[INFO] 03:46:59:239 cpu.log/(31727:31816): Recibi una interrupcion de Fin de Quantum del proceso PID: 2

[INFO] 03:47:01:050 cpu.log/(31727:31816): PID: 2 - FETCH - Program Counter: 14
[INFO] 03:47:01:150 cpu.log/(31727:31816): PID: 2 - Ejecutando: MOV_OUT BX AX
[INFO] 03:47:01:151 cpu.log/(31727:31816): PID: 2 - OBTENER MARCO - Página: 0 - Marco: 8 

[INFO] 03:47:01:151 cpu.log/(31727:31816): PID: 2 - Acción: ESCRIBIR - Dirección Física: 131 - Valor: 111 

[INFO] 03:47:01:152 cpu.log/(31727:31816): Recibi una interrupcion de Fin de Quantum del proceso PID: 2

[INFO] 03:47:05:401 cpu.log/(31727:31816): PID: 2 - FETCH - Program Counter: 15
[INFO] 03:47:05:503 cpu.log/(31727:31816): PID: 2 - Ejecutando: SUM BX CX
[INFO] 03:47:05:504 cpu.log/(31727:31816): Recibi una interrupcion de Fin de Quantum del proceso PID: 2

[INFO] 03:47:06:381 cpu.log/(31727:31816): PID: 2 - FETCH - Program Counter: 16
[INFO] 03:47:06:484 cpu.log/(31727:31816): PID: 2 - Ejecutando: SET AX 110
[INFO] 03:47:06:484 cpu.log/(31727:31816): Recibi una interrupcion de Fin de Quantum del proceso PID: 2

[INFO] 03:47:09:577 cpu.log/(31727:31816): PID: 2 - FETCH - Program Counter: 17
[INFO] 03:47:09:690 cpu.log/(31727:31816): PID: 2 - Ejecutando: MOV_OUT BX AX
[INFO] 03:47:09:690 cpu.log/(31727:31816): PID: 2 - OBTENER MARCO - Página: 0 - Marco: 8 

[INFO] 03:47:09:690 cpu.log/(31727:31816): PID: 2 - Acción: ESCRIBIR - Dirección Física: 132 - Valor: 110 

[INFO] 03:47:09:691 cpu.log/(31727:31816): Recibi una interrupcion de Fin de Quantum del proceso PID: 2

[INFO] 03:47:12:331 cpu.log/(31727:31816): PID: 2 - FETCH - Program Counter: 18
[INFO] 03:47:12:436 cpu.log/(31727:31816): PID: 2 - Ejecutando: SUM BX CX
[INFO] 03:47:12:436 cpu.log/(31727:31816): Recibi una interrupcion de Fin de Quantum del proceso PID: 2

[INFO] 03:47:22:215 cpu.log/(31727:31816): PID: 2 - FETCH - Program Counter: 19
[INFO] 03:47:22:321 cpu.log/(31727:31816): PID: 2 - Ejecutando: SET AX 39
[INFO] 03:47:22:321 cpu.log/(31727:31816): Recibi una interrupcion de Fin de Quantum del proceso PID: 2

[INFO] 03:47:24:690 cpu.log/(31727:31816): PID: 2 - FETCH - Program Counter: 20
[INFO] 03:47:24:799 cpu.log/(31727:31816): PID: 2 - Ejecutando: MOV_OUT BX AX
[INFO] 03:47:24:800 cpu.log/(31727:31816): PID: 2 - OBTENER MARCO - Página: 0 - Marco: 8 

[INFO] 03:47:24:800 cpu.log/(31727:31816): PID: 2 - Acción: ESCRIBIR - Dirección Física: 133 - Valor: 39 

[INFO] 03:47:24:816 cpu.log/(31727:31816): Recibi una interrupcion de Fin de Quantum del proceso PID: 2

[INFO] 03:47:27:421 cpu.log/(31727:31816): PID: 2 - FETCH - Program Counter: 21
[INFO] 03:47:27:533 cpu.log/(31727:31816): PID: 2 - Ejecutando: SUM BX CX
[INFO] 03:47:27:533 cpu.log/(31727:31816): Recibi una interrupcion de Fin de Quantum del proceso PID: 2

[INFO] 03:47:34:486 cpu.log/(31727:31816): PID: 2 - FETCH - Program Counter: 22
[INFO] 03:47:34:598 cpu.log/(31727:31816): PID: 2 - Ejecutando: SET AX 116
[INFO] 03:47:34:598 cpu.log/(31727:31816): Recibi una interrupcion de Fin de Quantum del proceso PID: 2

[INFO] 03:47:38:025 cpu.log/(31727:31816): PID: 2 - FETCH - Program Counter: 23
[INFO] 03:47:38:126 cpu.log/(31727:31816): PID: 2 - Ejecutando: MOV_OUT BX AX
[INFO] 03:47:38:126 cpu.log/(31727:31816): PID: 2 - OBTENER MARCO - Página: 0 - Marco: 8 

[INFO] 03:47:38:126 cpu.log/(31727:31816): PID: 2 - Acción: ESCRIBIR - Dirección Física: 134 - Valor: 116 

[INFO] 03:47:38:128 cpu.log/(31727:31816): Recibi una interrupcion de Fin de Quantum del proceso PID: 2

[INFO] 03:47:43:350 cpu.log/(31727:31816): PID: 2 - FETCH - Program Counter: 24
[INFO] 03:47:43:451 cpu.log/(31727:31816): PID: 2 - Ejecutando: SUM BX CX
[INFO] 03:47:43:451 cpu.log/(31727:31816): Recibi una interrupcion de Fin de Quantum del proceso PID: 2

[INFO] 03:47:50:287 cpu.log/(31727:31816): PID: 2 - FETCH - Program Counter: 25
[INFO] 03:47:50:394 cpu.log/(31727:31816): PID: 2 - Ejecutando: SET AX 32
[INFO] 03:47:50:394 cpu.log/(31727:31816): Recibi una interrupcion de Fin de Quantum del proceso PID: 2

[INFO] 03:47:56:820 cpu.log/(31727:31816): PID: 2 - FETCH - Program Counter: 26
[INFO] 03:47:56:924 cpu.log/(31727:31816): PID: 2 - Ejecutando: MOV_OUT BX AX
[INFO] 03:47:56:924 cpu.log/(31727:31816): PID: 2 - OBTENER MARCO - Página: 0 - Marco: 8 

[INFO] 03:47:56:924 cpu.log/(31727:31816): PID: 2 - Acción: ESCRIBIR - Dirección Física: 135 - Valor: 32 

[INFO] 03:47:56:927 cpu.log/(31727:31816): Recibi una interrupcion de Fin de Quantum del proceso PID: 2

[INFO] 03:48:06:487 cpu.log/(31727:31816): PID: 2 - FETCH - Program Counter: 27
[INFO] 03:48:06:600 cpu.log/(31727:31816): PID: 2 - Ejecutando: IO_GEN_SLEEP GENERICA 1
[INFO] 03:48:06:600 cpu.log/(31727:31816): Recibi una interrupcion de Fin de Quantum del proceso PID: 2

[INFO] 03:48:10:016 cpu.log/(31727:31816): PID: 2 - FETCH - Program Counter: 28
[INFO] 03:48:10:126 cpu.log/(31727:31816): PID: 2 - Ejecutando: SUM BX CX
[INFO] 03:48:10:126 cpu.log/(31727:31816): Recibi una interrupcion de Fin de Quantum del proceso PID: 2

[INFO] 03:48:11:580 cpu.log/(31727:31816): PID: 2 - FETCH - Program Counter: 29
[INFO] 03:48:11:689 cpu.log/(31727:31816): PID: 2 - Ejecutando: SET AX 119
[INFO] 03:48:11:689 cpu.log/(31727:31816): Recibi una interrupcion de Fin de Quantum del proceso PID: 2

[INFO] 03:48:13:454 cpu.log/(31727:31816): PID: 2 - FETCH - Program Counter: 30
[INFO] 03:48:13:557 cpu.log/(31727:31816): PID: 2 - Ejecutando: MOV_OUT BX AX
[INFO] 03:48:13:558 cpu.log/(31727:31816): PID: 2 - OBTENER MARCO - Página: 0 - Marco: 8 

[INFO] 03:48:13:558 cpu.log/(31727:31816): PID: 2 - Acción: ESCRIBIR - Dirección Física: 136 - Valor: 119 

[INFO] 03:48:13:558 cpu.log/(31727:31816): Recibi una interrupcion de Fin de Quantum del proceso PID: 2

[INFO] 03:48:17:430 cpu.log/(31727:31816): PID: 2 - FETCH - Program Counter: 31
[INFO] 03:48:17:531 cpu.log/(31727:31816): PID: 2 - Ejecutando: SUM BX CX
[INFO] 03:48:17:531 cpu.log/(31727:31816): Recibi una interrupcion de Fin de Quantum del proceso PID: 2

[INFO] 03:48:21:975 cpu.log/(31727:31816): PID: 2 - FETCH - Program Counter: 32
[INFO] 03:48:22:077 cpu.log/(31727:31816): PID: 2 - Ejecutando: SET AX 97
[INFO] 03:48:22:077 cpu.log/(31727:31816): Recibi una interrupcion de Fin de Quantum del proceso PID: 2

[INFO] 03:48:28:784 cpu.log/(31727:31816): PID: 2 - FETCH - Program Counter: 33
[INFO] 03:48:28:885 cpu.log/(31727:31816): PID: 2 - Ejecutando: MOV_OUT BX AX
[INFO] 03:48:28:886 cpu.log/(31727:31816): PID: 2 - OBTENER MARCO - Página: 0 - Marco: 8 

[INFO] 03:48:28:886 cpu.log/(31727:31816): PID: 2 - Acción: ESCRIBIR - Dirección Física: 137 - Valor: 97 

[INFO] 03:48:28:886 cpu.log/(31727:31816): Recibi una interrupcion de Fin de Quantum del proceso PID: 2

[INFO] 03:48:31:139 cpu.log/(31727:31816): PID: 2 - FETCH - Program Counter: 34
[INFO] 03:48:31:241 cpu.log/(31727:31816): PID: 2 - Ejecutando: SUM BX CX
[INFO] 03:48:31:241 cpu.log/(31727:31816): Recibi una interrupcion de Fin de Quantum del proceso PID: 2

[INFO] 03:48:40:139 cpu.log/(31727:31816): PID: 2 - FETCH - Program Counter: 35
[INFO] 03:48:40:240 cpu.log/(31727:31816): PID: 2 - Ejecutando: SET AX 110
[INFO] 03:48:40:240 cpu.log/(31727:31816): Recibi una interrupcion de Fin de Quantum del proceso PID: 2

[INFO] 03:48:46:335 cpu.log/(31727:31816): PID: 1 - FETCH - Program Counter: 4
[INFO] 03:48:46:436 cpu.log/(31727:31816): PID: 1 - Ejecutando: SET AX 87
[INFO] 03:48:46:437 cpu.log/(31727:31816): Recibi una interrupcion de Fin de Quantum del proceso PID: 1

[INFO] 03:48:52:154 cpu.log/(31727:31816): PID: 2 - FETCH - Program Counter: 36
[INFO] 03:48:52:255 cpu.log/(31727:31816): PID: 2 - Ejecutando: MOV_OUT BX AX
[INFO] 03:48:52:256 cpu.log/(31727:31816): PID: 2 - OBTENER MARCO - Página: 0 - Marco: 8 

[INFO] 03:48:52:256 cpu.log/(31727:31816): PID: 2 - Acción: ESCRIBIR - Dirección Física: 138 - Valor: 110 

[INFO] 03:48:52:256 cpu.log/(31727:31816): Recibi una interrupcion de Fin de Quantum del proceso PID: 2

[INFO] 03:48:57:494 cpu.log/(31727:31816): PID: 1 - FETCH - Program Counter: 5
[INFO] 03:48:57:595 cpu.log/(31727:31816): PID: 1 - Ejecutando: SET BX 65
[INFO] 03:48:57:595 cpu.log/(31727:31816): Recibi una interrupcion de Fin de Quantum del proceso PID: 1

[INFO] 03:49:03:074 cpu.log/(31727:31816): PID: 2 - FETCH - Program Counter: 37
[INFO] 03:49:03:175 cpu.log/(31727:31816): PID: 2 - Ejecutando: SUM BX CX
[INFO] 03:49:03:176 cpu.log/(31727:31816): Recibi una interrupcion de Fin de Quantum del proceso PID: 2

[INFO] 03:49:07:996 cpu.log/(31727:31816): PID: 3 - FETCH - Program Counter: 5
[INFO] 03:49:08:096 cpu.log/(31727:31816): PID: 3 - Ejecutando: SET SI 0
[INFO] 03:49:08:097 cpu.log/(31727:31816): Recibi una interrupcion de Fin de Quantum del proceso PID: 3

[INFO] 03:49:13:619 cpu.log/(31727:31816): PID: 1 - FETCH - Program Counter: 6
[INFO] 03:49:13:720 cpu.log/(31727:31816): PID: 1 - Ejecutando: SET CX 82
[INFO] 03:49:13:720 cpu.log/(31727:31816): Recibi una interrupcion de Fin de Quantum del proceso PID: 1

[INFO] 03:49:14:428 cpu.log/(31727:31816): PID: 2 - FETCH - Program Counter: 38
[INFO] 03:49:14:529 cpu.log/(31727:31816): PID: 2 - Ejecutando: SET AX 116
[INFO] 03:49:14:529 cpu.log/(31727:31816): Recibi una interrupcion de Fin de Quantum del proceso PID: 2

[INFO] 03:49:20:848 cpu.log/(31727:31816): PID: 3 - FETCH - Program Counter: 6
[INFO] 03:49:20:950 cpu.log/(31727:31816): PID: 3 - Ejecutando: SET DI 32
[INFO] 03:49:20:950 cpu.log/(31727:31816): Recibi una interrupcion de Fin de Quantum del proceso PID: 3

[INFO] 03:49:25:258 cpu.log/(31727:31816): PID: 1 - FETCH - Program Counter: 7
[INFO] 03:49:25:360 cpu.log/(31727:31816): PID: 1 - Ejecutando: SET DX 44
[INFO] 03:49:25:360 cpu.log/(31727:31816): Recibi una interrupcion de Fin de Quantum del proceso PID: 1

[INFO] 03:49:28:843 cpu.log/(31727:31816): PID: 2 - FETCH - Program Counter: 39
[INFO] 03:49:28:944 cpu.log/(31727:31816): PID: 2 - Ejecutando: MOV_OUT BX AX
[INFO] 03:49:28:944 cpu.log/(31727:31816): PID: 2 - OBTENER MARCO - Página: 0 - Marco: 8 

[INFO] 03:49:28:945 cpu.log/(31727:31816): PID: 2 - Acción: ESCRIBIR - Dirección Física: 139 - Valor: 116 

[INFO] 03:49:28:945 cpu.log/(31727:31816): Recibi una interrupcion de Fin de Quantum del proceso PID: 2

[INFO] 03:49:31:783 cpu.log/(31727:31816): PID: 3 - FETCH - Program Counter: 7
[INFO] 03:49:31:884 cpu.log/(31727:31816): PID: 3 - Ejecutando: IO_GEN_SLEEP GENERICA 2
[INFO] 03:49:31:884 cpu.log/(31727:31816): Recibi una interrupcion de Fin de Quantum del proceso PID: 3

[INFO] 03:49:36:509 cpu.log/(31727:31816): PID: 1 - FETCH - Program Counter: 8
[INFO] 03:49:36:610 cpu.log/(31727:31816): PID: 1 - Ejecutando: SET ECX 11
[INFO] 03:49:36:610 cpu.log/(31727:31816): Recibi una interrupcion de Fin de Quantum del proceso PID: 1

[INFO] 03:49:42:599 cpu.log/(31727:31816): PID: 2 - FETCH - Program Counter: 40
[INFO] 03:49:42:700 cpu.log/(31727:31816): PID: 2 - Ejecutando: SUM BX CX
[INFO] 03:49:42:700 cpu.log/(31727:31816): Recibi una interrupcion de Fin de Quantum del proceso PID: 2

[INFO] 03:49:47:519 cpu.log/(31727:31816): PID: 3 - FETCH - Program Counter: 8
[INFO] 03:49:47:621 cpu.log/(31727:31816): PID: 3 - Ejecutando: COPY_STRING 26
[INFO] 03:49:47:625 cpu.log/(31727:31816): PID: 3 - OBTENER MARCO - Página: 0 - Marco: 11 

[INFO] 03:49:47:625 cpu.log/(31727:31816): PID: 3 - OBTENER MARCO - Página: 2 - Marco: 13 

[INFO] 03:49:47:630 cpu.log/(31727:31816): PID: 3 - Accion: LEER - Direccion Fisica: 176 - Valor: 4294967184 

[INFO] 03:49:47:633 cpu.log/(31727:31816): PID: 3 - Acción: ESCRIBIR - Dirección Física: 208 - Valor: -112 

[INFO] 03:49:47:633 cpu.log/(31727:31816): Recibi una interrupcion de Fin de Quantum del proceso PID: 3

[INFO] 03:49:50:939 cpu.log/(31727:31816): PID: 1 - FETCH - Program Counter: 9
[INFO] 03:49:51:042 cpu.log/(31727:31816): PID: 1 - Ejecutando: SET EDX 1
[INFO] 03:49:51:042 cpu.log/(31727:31816): Recibi una interrupcion de Fin de Quantum del proceso PID: 1

[INFO] 03:49:53:894 cpu.log/(31727:31816): PID: 2 - FETCH - Program Counter: 41
[INFO] 03:49:53:995 cpu.log/(31727:31816): PID: 2 - Ejecutando: SET AX 32
[INFO] 03:49:53:996 cpu.log/(31727:31816): Recibi una interrupcion de Fin de Quantum del proceso PID: 2

[INFO] 03:49:56:399 cpu.log/(31727:31816): PID: 3 - FETCH - Program Counter: 9
[INFO] 03:49:56:499 cpu.log/(31727:31816): PID: 3 - Ejecutando: SET DX 52
[INFO] 03:49:56:500 cpu.log/(31727:31816): Recibi una interrupcion de Fin de Quantum del proceso PID: 3

[INFO] 03:49:58:499 cpu.log/(31727:31816): PID: 1 - FETCH - Program Counter: 10
[INFO] 03:49:58:601 cpu.log/(31727:31816): PID: 1 - Ejecutando: MOV_OUT ECX AX
[INFO] 03:49:58:601 cpu.log/(31727:31816): PID: 1 - OBTENER MARCO - Página: 0 - Marco: 0 

[INFO] 03:49:58:601 cpu.log/(31727:31816): PID: 1 - Acción: ESCRIBIR - Dirección Física: 11 - Valor: 87 

[INFO] 03:49:58:602 cpu.log/(31727:31816): Recibi una interrupcion de Fin de Quantum del proceso PID: 1

[INFO] 03:50:08:817 cpu.log/(31727:31816): PID: 2 - FETCH - Program Counter: 42
[INFO] 03:50:08:919 cpu.log/(31727:31816): PID: 2 - Ejecutando: MOV_OUT BX AX
[INFO] 03:50:08:919 cpu.log/(31727:31816): PID: 2 - OBTENER MARCO - Página: 0 - Marco: 8 

[INFO] 03:50:08:919 cpu.log/(31727:31816): PID: 2 - Acción: ESCRIBIR - Dirección Física: 140 - Valor: 32 

[INFO] 03:50:08:919 cpu.log/(31727:31816): Recibi una interrupcion de Fin de Quantum del proceso PID: 2

[INFO] 03:50:12:407 cpu.log/(31727:31816): PID: 3 - FETCH - Program Counter: 10
[INFO] 03:50:12:508 cpu.log/(31727:31816): PID: 3 - Ejecutando: SET AX 49
[INFO] 03:50:12:508 cpu.log/(31727:31816): Recibi una interrupcion de Fin de Quantum del proceso PID: 3

[INFO] 03:50:19:844 cpu.log/(31727:31816): PID: 1 - FETCH - Program Counter: 11
[INFO] 03:50:19:945 cpu.log/(31727:31816): PID: 1 - Ejecutando: SUM ECX EDX
[INFO] 03:50:19:945 cpu.log/(31727:31816): Recibi una interrupcion de Fin de Quantum del proceso PID: 1

[INFO] 03:50:24:403 cpu.log/(31727:31816): PID: 2 - FETCH - Program Counter: 43
[INFO] 03:50:24:506 cpu.log/(31727:31816): PID: 2 - Ejecutando: IO_GEN_SLEEP GENERICA 1
[INFO] 03:50:24:506 cpu.log/(31727:31816): Recibi una interrupcion de Fin de Quantum del proceso PID: 2

[INFO] 03:50:31:317 cpu.log/(31727:31816): PID: 3 - FETCH - Program Counter: 11
[INFO] 03:50:31:418 cpu.log/(31727:31816): PID: 3 - Ejecutando: MOV_OUT DX AX
[INFO] 03:50:31:419 cpu.log/(31727:31816): PID: 3 - OBTENER MARCO - Página: 3 - Marco: 14 

[INFO] 03:50:31:419 cpu.log/(31727:31816): PID: 3 - Acción: ESCRIBIR - Dirección Física: 228 - Valor: 49 

[INFO] 03:50:31:419 cpu.log/(31727:31816): Recibi una interrupcion de Fin de Quantum del proceso PID: 3

[INFO] 03:50:36:808 cpu.log/(31727:31816): PID: 1 - FETCH - Program Counter: 12
[INFO] 03:50:36:909 cpu.log/(31727:31816): PID: 1 - Ejecutando: MOV_OUT ECX BX
[INFO] 03:50:36:910 cpu.log/(31727:31816): PID: 1 - OBTENER MARCO - Página: 0 - Marco: 0 

[INFO] 03:50:36:910 cpu.log/(31727:31816): PID: 1 - Acción: ESCRIBIR - Dirección Física: 12 - Valor: 65 

[INFO] 03:50:36:910 cpu.log/(31727:31816): Recibi una interrupcion de Fin de Quantum del proceso PID: 1

[INFO] 03:50:41:967 cpu.log/(31727:31816): PID: 2 - FETCH - Program Counter: 44
[INFO] 03:50:42:068 cpu.log/(31727:31816): PID: 2 - Ejecutando: SUM BX CX
[INFO] 03:50:42:069 cpu.log/(31727:31816): Recibi una interrupcion de Fin de Quantum del proceso PID: 2

[INFO] 03:50:48:147 cpu.log/(31727:31816): PID: 3 - FETCH - Program Counter: 12
[INFO] 03:50:48:248 cpu.log/(31727:31816): PID: 3 - Ejecutando: SET AX 52
[INFO] 03:50:48:248 cpu.log/(31727:31816): Recibi una interrupcion de Fin de Quantum del proceso PID: 3

[INFO] 03:50:52:675 cpu.log/(31727:31816): PID: 1 - FETCH - Program Counter: 13
[INFO] 03:50:52:783 cpu.log/(31727:31816): PID: 1 - Ejecutando: SUM ECX EDX
[INFO] 03:50:52:783 cpu.log/(31727:31816): Recibi una interrupcion de Fin de Quantum del proceso PID: 1

[INFO] 03:50:54:461 cpu.log/(31727:31816): PID: 2 - FETCH - Program Counter: 45
[INFO] 03:50:54:563 cpu.log/(31727:31816): PID: 2 - Ejecutando: SET AX 116
[INFO] 03:50:54:563 cpu.log/(31727:31816): Recibi una interrupcion de Fin de Quantum del proceso PID: 2

[INFO] 03:50:56:922 cpu.log/(31727:31816): PID: 3 - FETCH - Program Counter: 13
[INFO] 03:50:57:023 cpu.log/(31727:31816): PID: 3 - Ejecutando: SET DX 57
[INFO] 03:50:57:023 cpu.log/(31727:31816): Recibi una interrupcion de Fin de Quantum del proceso PID: 3

[INFO] 03:51:01:587 cpu.log/(31727:31816): PID: 1 - FETCH - Program Counter: 14
[INFO] 03:51:01:688 cpu.log/(31727:31816): PID: 1 - Ejecutando: MOV_OUT ECX CX
[INFO] 03:51:01:689 cpu.log/(31727:31816): PID: 1 - OBTENER MARCO - Página: 0 - Marco: 0 

[INFO] 03:51:01:689 cpu.log/(31727:31816): PID: 1 - Acción: ESCRIBIR - Dirección Física: 13 - Valor: 82 

[INFO] 03:51:01:690 cpu.log/(31727:31816): Recibi una interrupcion de Fin de Quantum del proceso PID: 1

[INFO] 03:51:05:128 cpu.log/(31727:31816): PID: 2 - FETCH - Program Counter: 46
[INFO] 03:51:05:229 cpu.log/(31727:31816): PID: 2 - Ejecutando: MOV_OUT BX AX
[INFO] 03:51:05:229 cpu.log/(31727:31816): PID: 2 - OBTENER MARCO - Página: 0 - Marco: 8 

[INFO] 03:51:05:230 cpu.log/(31727:31816): PID: 2 - Acción: ESCRIBIR - Dirección Física: 141 - Valor: 116 

[INFO] 03:51:05:230 cpu.log/(31727:31816): Recibi una interrupcion de Fin de Quantum del proceso PID: 2

[INFO] 03:51:12:837 cpu.log/(31727:31816): PID: 3 - FETCH - Program Counter: 14
[INFO] 03:51:12:938 cpu.log/(31727:31816): PID: 3 - Ejecutando: MOV_OUT DX AX
[INFO] 03:51:12:939 cpu.log/(31727:31816): PID: 3 - OBTENER MARCO - Página: 3 - Marco: 14 

[INFO] 03:51:12:939 cpu.log/(31727:31816): PID: 3 - Acción: ESCRIBIR - Dirección Física: 233 - Valor: 52 

[INFO] 03:51:12:939 cpu.log/(31727:31816): Recibi una interrupcion de Fin de Quantum del proceso PID: 3

[INFO] 03:51:15:642 cpu.log/(31727:31816): PID: 1 - FETCH - Program Counter: 15
[INFO] 03:51:15:743 cpu.log/(31727:31816): PID: 1 - Ejecutando: SUM ECX EDX
[INFO] 03:51:15:744 cpu.log/(31727:31816): Recibi una interrupcion de Fin de Quantum del proceso PID: 1

[INFO] 03:51:22:257 cpu.log/(31727:31816): PID: 2 - FETCH - Program Counter: 47
[INFO] 03:51:22:359 cpu.log/(31727:31816): PID: 2 - Ejecutando: SUM BX CX
[INFO] 03:51:22:359 cpu.log/(31727:31816): Recibi una interrupcion de Fin de Quantum del proceso PID: 2

[INFO] 03:51:27:342 cpu.log/(31727:31816): PID: 3 - FETCH - Program Counter: 15
[INFO] 03:51:27:443 cpu.log/(31727:31816): PID: 3 - Ejecutando: IO_GEN_SLEEP GENERICA 2
[INFO] 03:51:27:443 cpu.log/(31727:31816): Recibi una interrupcion de Fin de Quantum del proceso PID: 3

[INFO] 03:51:38:698 cpu.log/(31727:31816): PID: 1 - FETCH - Program Counter: 16
[INFO] 03:51:38:799 cpu.log/(31727:31816): PID: 1 - Ejecutando: MOV_OUT ECX DX
[INFO] 03:51:38:800 cpu.log/(31727:31816): PID: 1 - OBTENER MARCO - Página: 0 - Marco: 0 

[INFO] 03:51:38:800 cpu.log/(31727:31816): PID: 1 - Acción: ESCRIBIR - Dirección Física: 14 - Valor: 44 

[INFO] 03:51:38:800 cpu.log/(31727:31816): Recibi una interrupcion de Fin de Quantum del proceso PID: 1

[INFO] 03:51:47:171 cpu.log/(31727:31816): PID: 2 - FETCH - Program Counter: 48
[INFO] 03:51:47:276 cpu.log/(31727:31816): PID: 2 - Ejecutando: SET AX 111
[INFO] 03:51:47:276 cpu.log/(31727:31816): Recibi una interrupcion de Fin de Quantum del proceso PID: 2

[INFO] 03:51:49:198 cpu.log/(31727:31816): PID: 3 - FETCH - Program Counter: 16
[INFO] 03:51:49:300 cpu.log/(31727:31816): PID: 3 - Ejecutando: IO_STDOUT_WRITE MONITOR BX CX
[INFO] 03:51:49:301 cpu.log/(31727:31816): PID: 3 - OBTENER MARCO - Página: 2 - Marco: 13 

[INFO] 03:51:49:301 cpu.log/(31727:31816): PID: 3 - OBTENER MARCO - Página: 3 - Marco: 14 

[INFO] 03:51:49:302 cpu.log/(31727:31816): Recibi una interrupcion de Fin de Quantum del proceso PID: 3

[INFO] 03:51:51:944 cpu.log/(31727:31816): PID: 1 - FETCH - Program Counter: 17
[INFO] 03:51:52:045 cpu.log/(31727:31816): PID: 1 - Ejecutando: SUM ECX EDX
[INFO] 03:51:52:046 cpu.log/(31727:31816): Recibi una interrupcion de Fin de Quantum del proceso PID: 1

[INFO] 03:51:53:518 cpu.log/(31727:31816): PID: 2 - FETCH - Program Counter: 49
[INFO] 03:51:53:619 cpu.log/(31727:31816): PID: 2 - Ejecutando: MOV_OUT BX AX
[INFO] 03:51:53:619 cpu.log/(31727:31816): PID: 2 - OBTENER MARCO - Página: 0 - Marco: 8 

[INFO] 03:51:53:620 cpu.log/(31727:31816): PID: 2 - Acción: ESCRIBIR - Dirección Física: 142 - Valor: 111 

[INFO] 03:51:53:620 cpu.log/(31727:31816): Recibi una interrupcion de Fin de Quantum del proceso PID: 2

[INFO] 03:51:55:887 cpu.log/(31727:31816): PID: 3 - FETCH - Program Counter: 17
[INFO] 03:51:55:989 cpu.log/(31727:31816): PID: 3 - Ejecutando: EXIT
[INFO] 03:51:55:989 cpu.log/(31727:31816): Recibi una interrupcion de Fin de Quantum del proceso PID: 3

[INFO] 03:51:56:712 cpu.log/(31727:31816): PID: 1 - FETCH - Program Counter: 18
[INFO] 03:51:56:813 cpu.log/(31727:31816): PID: 1 - Ejecutando: SET AX 32
[INFO] 03:51:56:813 cpu.log/(31727:31816): PID: 1 - FETCH - Program Counter: 19
[INFO] 03:51:56:914 cpu.log/(31727:31816): PID: 1 - Ejecutando: IO_GEN_SLEEP GENERICA 2
[INFO] 03:52:06:251 cpu.log/(31727:31816): PID: 2 - FETCH - Program Counter: 50
[INFO] 03:52:06:353 cpu.log/(31727:31816): PID: 2 - Ejecutando: SUM BX CX
[INFO] 03:52:06:353 cpu.log/(31727:31816): Recibi una interrupcion de Fin de Quantum del proceso PID: 2

[INFO] 03:52:11:036 cpu.log/(31727:31816): PID: 1 - FETCH - Program Counter: 20
[INFO] 03:52:11:137 cpu.log/(31727:31816): PID: 1 - Ejecutando: MOV_OUT ECX AX
[INFO] 03:52:11:137 cpu.log/(31727:31816): PID: 1 - OBTENER MARCO - Página: 0 - Marco: 0 

[INFO] 03:52:11:137 cpu.log/(31727:31816): PID: 1 - Acción: ESCRIBIR - Dirección Física: 15 - Valor: 32 

[INFO] 03:52:11:138 cpu.log/(31727:31816): Recibi una interrupcion de Fin de Quantum del proceso PID: 1

[INFO] 03:52:15:941 cpu.log/(31727:31816): PID: 2 - FETCH - Program Counter: 51
[INFO] 03:52:16:043 cpu.log/(31727:31816): PID: 2 - Ejecutando: SET AX 32
[INFO] 03:52:16:043 cpu.log/(31727:31816): Recibi una interrupcion de Fin de Quantum del proceso PID: 2

[INFO] 03:52:21:852 cpu.log/(31727:31816): PID: 1 - FETCH - Program Counter: 21
[INFO] 03:52:21:953 cpu.log/(31727:31816): PID: 1 - Ejecutando: SET EBX 25
[INFO] 03:52:21:953 cpu.log/(31727:31816): Recibi una interrupcion de Fin de Quantum del proceso PID: 1

[INFO] 03:52:25:917 cpu.log/(31727:31816): PID: 2 - FETCH - Program Counter: 52
[INFO] 03:52:26:019 cpu.log/(31727:31816): PID: 2 - Ejecutando: MOV_OUT BX AX
[INFO] 03:52:26:019 cpu.log/(31727:31816): PID: 2 - OBTENER MARCO - Página: 0 - Marco: 8 

[INFO] 03:52:26:019 cpu.log/(31727:31816): PID: 2 - Acción: ESCRIBIR - Dirección Física: 143 - Valor: 32 

[INFO] 03:52:26:020 cpu.log/(31727:31816): Recibi una interrupcion de Fin de Quantum del proceso PID: 2

[INFO] 03:52:31:091 cpu.log/(31727:31816): PID: 1 - FETCH - Program Counter: 22
[INFO] 03:52:31:192 cpu.log/(31727:31816): PID: 1 - Ejecutando: SET EAX 11
[INFO] 03:52:31:192 cpu.log/(31727:31816): Recibi una interrupcion de Fin de Quantum del proceso PID: 1

[INFO] 03:52:37:616 cpu.log/(31727:31816): PID: 2 - FETCH - Program Counter: 53
[INFO] 03:52:37:718 cpu.log/(31727:31816): PID: 2 - Ejecutando: IO_GEN_SLEEP GENERICA 1
[INFO] 03:52:37:718 cpu.log/(31727:31816): Recibi una interrupcion de Fin de Quantum del proceso PID: 2

[INFO] 03:52:46:827 cpu.log/(31727:31816): PID: 1 - FETCH - Program Counter: 23
[INFO] 03:52:46:928 cpu.log/(31727:31816): PID: 1 - Ejecutando: IO_STDOUT_WRITE MONITOR EAX EBX
[INFO] 03:52:46:929 cpu.log/(31727:31816): PID: 1 - OBTENER MARCO - Página: 0 - Marco: 0 

[INFO] 03:52:46:929 cpu.log/(31727:31816): PID: 1 - OBTENER MARCO - Página: 1 - Marco: 1 

[INFO] 03:52:46:929 cpu.log/(31727:31816): Recibi una interrupcion de Fin de Quantum del proceso PID: 1

[INFO] 03:52:54:986 cpu.log/(31727:31816): PID: 2 - FETCH - Program Counter: 54
[INFO] 03:52:55:087 cpu.log/(31727:31816): PID: 2 - Ejecutando: SUM BX CX
[INFO] 03:52:55:087 cpu.log/(31727:31816): Recibi una interrupcion de Fin de Quantum del proceso PID: 2

[INFO] 03:52:57:205 cpu.log/(31727:31816): PID: 1 - FETCH - Program Counter: 24
[INFO] 03:52:57:306 cpu.log/(31727:31816): PID: 1 - Ejecutando: EXIT
[INFO] 03:52:57:307 cpu.log/(31727:31816): Recibi una interrupcion de Fin de Quantum del proceso PID: 1

[INFO] 03:53:01:407 cpu.log/(31727:31816): PID: 2 - FETCH - Program Counter: 55
[INFO] 03:53:01:509 cpu.log/(31727:31816): PID: 2 - Ejecutando: SET AX 115
[INFO] 03:53:01:509 cpu.log/(31727:31816): Recibi una interrupcion de Fin de Quantum del proceso PID: 2

[INFO] 03:53:06:535 cpu.log/(31727:31816): PID: 2 - FETCH - Program Counter: 56
[INFO] 03:53:06:637 cpu.log/(31727:31816): PID: 2 - Ejecutando: MOV_OUT BX AX
[INFO] 03:53:06:637 cpu.log/(31727:31816): PID: 2 - OBTENER MARCO - Página: 1 - Marco: 9 

[INFO] 03:53:06:637 cpu.log/(31727:31816): PID: 2 - Acción: ESCRIBIR - Dirección Física: 144 - Valor: 115 

[INFO] 03:53:06:637 cpu.log/(31727:31816): Recibi una interrupcion de Fin de Quantum del proceso PID: 2

[INFO] 03:53:12:745 cpu.log/(31727:31816): PID: 2 - FETCH - Program Counter: 57
[INFO] 03:53:12:846 cpu.log/(31727:31816): PID: 2 - Ejecutando: SUM BX CX
[INFO] 03:53:12:846 cpu.log/(31727:31816): Recibi una interrupcion de Fin de Quantum del proceso PID: 2

[INFO] 03:53:18:535 cpu.log/(31727:31816): PID: 2 - FETCH - Program Counter: 58
[INFO] 03:53:18:636 cpu.log/(31727:31816): PID: 2 - Ejecutando: SET AX 101
[INFO] 03:53:18:636 cpu.log/(31727:31816): Recibi una interrupcion de Fin de Quantum del proceso PID: 2

[INFO] 03:53:24:326 cpu.log/(31727:31816): PID: 2 - FETCH - Program Counter: 59
[INFO] 03:53:24:427 cpu.log/(31727:31816): PID: 2 - Ejecutando: MOV_OUT BX AX
[INFO] 03:53:24:428 cpu.log/(31727:31816): PID: 2 - OBTENER MARCO - Página: 1 - Marco: 9 

[INFO] 03:53:24:428 cpu.log/(31727:31816): PID: 2 - Acción: ESCRIBIR - Dirección Física: 145 - Valor: 101 

[INFO] 03:53:24:428 cpu.log/(31727:31816): Recibi una interrupcion de Fin de Quantum del proceso PID: 2

[INFO] 03:53:28:840 cpu.log/(31727:31816): PID: 2 - FETCH - Program Counter: 60
[INFO] 03:53:28:941 cpu.log/(31727:31816): PID: 2 - Ejecutando: SUM BX CX
[INFO] 03:53:28:941 cpu.log/(31727:31816): Recibi una interrupcion de Fin de Quantum del proceso PID: 2

[INFO] 03:53:32:350 cpu.log/(31727:31816): PID: 2 - FETCH - Program Counter: 61
[INFO] 03:53:32:452 cpu.log/(31727:31816): PID: 2 - Ejecutando: SET AX 116
[INFO] 03:53:32:452 cpu.log/(31727:31816): Recibi una interrupcion de Fin de Quantum del proceso PID: 2

[INFO] 03:53:36:895 cpu.log/(31727:31816): PID: 2 - FETCH - Program Counter: 62
[INFO] 03:53:36:996 cpu.log/(31727:31816): PID: 2 - Ejecutando: MOV_OUT BX AX
[INFO] 03:53:36:997 cpu.log/(31727:31816): PID: 2 - OBTENER MARCO - Página: 1 - Marco: 9 

[INFO] 03:53:36:997 cpu.log/(31727:31816): PID: 2 - Acción: ESCRIBIR - Dirección Física: 146 - Valor: 116 

[INFO] 03:53:36:997 cpu.log/(31727:31816): Recibi una interrupcion de Fin de Quantum del proceso PID: 2

[INFO] 03:53:39:745 cpu.log/(31727:31816): PID: 2 - FETCH - Program Counter: 63
[INFO] 03:53:39:846 cpu.log/(31727:31816): PID: 2 - Ejecutando: SUM BX CX
[INFO] 03:53:39:846 cpu.log/(31727:31816): Recibi una interrupcion de Fin de Quantum del proceso PID: 2

[INFO] 03:53:44:125 cpu.log/(31727:31816): PID: 2 - FETCH - Program Counter: 64
[INFO] 03:53:44:226 cpu.log/(31727:31816): PID: 2 - Ejecutando: SET AX 32
[INFO] 03:53:44:227 cpu.log/(31727:31816): Recibi una interrupcion de Fin de Quantum del proceso PID: 2

[INFO] 03:53:46:825 cpu.log/(31727:31816): PID: 2 - FETCH - Program Counter: 65
[INFO] 03:53:46:927 cpu.log/(31727:31816): PID: 2 - Ejecutando: MOV_OUT BX AX
[INFO] 03:53:46:927 cpu.log/(31727:31816): PID: 2 - OBTENER MARCO - Página: 1 - Marco: 9 

[INFO] 03:53:46:927 cpu.log/(31727:31816): PID: 2 - Acción: ESCRIBIR - Dirección Física: 147 - Valor: 32 

[INFO] 03:53:46:928 cpu.log/(31727:31816): Recibi una interrupcion de Fin de Quantum del proceso PID: 2

[INFO] 03:53:48:792 cpu.log/(31727:31816): PID: 2 - FETCH - Program Counter: 66
[INFO] 03:53:48:893 cpu.log/(31727:31816): PID: 2 - Ejecutando: IO_GEN_SLEEP GENERICA 1
[INFO] 03:53:48:893 cpu.log/(31727:31816): Recibi una interrupcion de Fin de Quantum del proceso PID: 2

[INFO] 03:53:52:601 cpu.log/(31727:31816): PID: 2 - FETCH - Program Counter: 67
[INFO] 03:53:52:704 cpu.log/(31727:31816): PID: 2 - Ejecutando: SUM BX CX
[INFO] 03:53:52:704 cpu.log/(31727:31816): Recibi una interrupcion de Fin de Quantum del proceso PID: 2

[INFO] 03:53:55:616 cpu.log/(31727:31816): PID: 2 - FETCH - Program Counter: 68
[INFO] 03:53:55:721 cpu.log/(31727:31816): PID: 2 - Ejecutando: SET AX 116
[INFO] 03:53:55:722 cpu.log/(31727:31816): Recibi una interrupcion de Fin de Quantum del proceso PID: 2

[INFO] 03:53:57:551 cpu.log/(31727:31816): PID: 2 - FETCH - Program Counter: 69
[INFO] 03:53:57:652 cpu.log/(31727:31816): PID: 2 - Ejecutando: MOV_OUT BX AX
[INFO] 03:53:57:653 cpu.log/(31727:31816): PID: 2 - OBTENER MARCO - Página: 1 - Marco: 9 

[INFO] 03:53:57:653 cpu.log/(31727:31816): PID: 2 - Acción: ESCRIBIR - Dirección Física: 148 - Valor: 116 

[INFO] 03:53:57:653 cpu.log/(31727:31816): Recibi una interrupcion de Fin de Quantum del proceso PID: 2

[INFO] 03:54:01:810 cpu.log/(31727:31816): PID: 2 - FETCH - Program Counter: 70
[INFO] 03:54:01:911 cpu.log/(31727:31816): PID: 2 - Ejecutando: SUM BX CX
[INFO] 03:54:01:911 cpu.log/(31727:31816): Recibi una interrupcion de Fin de Quantum del proceso PID: 2

[INFO] 03:54:04:195 cpu.log/(31727:31816): PID: 2 - FETCH - Program Counter: 71
[INFO] 03:54:04:296 cpu.log/(31727:31816): PID: 2 - Ejecutando: SET AX 104
[INFO] 03:54:04:296 cpu.log/(31727:31816): Recibi una interrupcion de Fin de Quantum del proceso PID: 2

[INFO] 03:54:13:123 cpu.log/(31727:31816): PID: 2 - FETCH - Program Counter: 72
[INFO] 03:54:13:225 cpu.log/(31727:31816): PID: 2 - Ejecutando: MOV_OUT BX AX
[INFO] 03:54:13:226 cpu.log/(31727:31816): PID: 2 - OBTENER MARCO - Página: 1 - Marco: 9 

[INFO] 03:54:13:226 cpu.log/(31727:31816): PID: 2 - Acción: ESCRIBIR - Dirección Física: 149 - Valor: 104 

[INFO] 03:54:13:227 cpu.log/(31727:31816): Recibi una interrupcion de Fin de Quantum del proceso PID: 2

[INFO] 03:54:17:119 cpu.log/(31727:31816): PID: 2 - FETCH - Program Counter: 73
[INFO] 03:54:17:231 cpu.log/(31727:31816): PID: 2 - Ejecutando: SUM BX CX
[INFO] 03:54:17:232 cpu.log/(31727:31816): Recibi una interrupcion de Fin de Quantum del proceso PID: 2

[INFO] 03:54:20:620 cpu.log/(31727:31816): PID: 2 - FETCH - Program Counter: 74
[INFO] 03:54:20:721 cpu.log/(31727:31816): PID: 2 - Ejecutando: SET AX 101
[INFO] 03:54:20:721 cpu.log/(31727:31816): Recibi una interrupcion de Fin de Quantum del proceso PID: 2

[INFO] 03:54:24:535 cpu.log/(31727:31816): PID: 2 - FETCH - Program Counter: 75
[INFO] 03:54:24:637 cpu.log/(31727:31816): PID: 2 - Ejecutando: MOV_OUT BX AX
[INFO] 03:54:24:637 cpu.log/(31727:31816): PID: 2 - OBTENER MARCO - Página: 1 - Marco: 9 

[INFO] 03:54:24:637 cpu.log/(31727:31816): PID: 2 - Acción: ESCRIBIR - Dirección Física: 150 - Valor: 101 

[INFO] 03:54:24:637 cpu.log/(31727:31816): Recibi una interrupcion de Fin de Quantum del proceso PID: 2

[INFO] 03:54:29:200 cpu.log/(31727:31816): PID: 2 - FETCH - Program Counter: 76
[INFO] 03:54:29:301 cpu.log/(31727:31816): PID: 2 - Ejecutando: SUM BX CX
[INFO] 03:54:29:301 cpu.log/(31727:31816): Recibi una interrupcion de Fin de Quantum del proceso PID: 2

[INFO] 03:54:37:375 cpu.log/(31727:31816): PID: 2 - FETCH - Program Counter: 77
[INFO] 03:54:37:477 cpu.log/(31727:31816): PID: 2 - Ejecutando: SET AX 32
[INFO] 03:54:37:477 cpu.log/(31727:31816): Recibi una interrupcion de Fin de Quantum del proceso PID: 2

[INFO] 03:54:45:068 cpu.log/(31727:31816): PID: 2 - FETCH - Program Counter: 78
[INFO] 03:54:45:171 cpu.log/(31727:31816): PID: 2 - Ejecutando: MOV_OUT BX AX
[INFO] 03:54:45:172 cpu.log/(31727:31816): PID: 2 - OBTENER MARCO - Página: 1 - Marco: 9 

[INFO] 03:54:45:172 cpu.log/(31727:31816): PID: 2 - Acción: ESCRIBIR - Dirección Física: 151 - Valor: 32 

[INFO] 03:54:45:172 cpu.log/(31727:31816): Recibi una interrupcion de Fin de Quantum del proceso PID: 2

[INFO] 03:54:48:819 cpu.log/(31727:31816): PID: 2 - FETCH - Program Counter: 79
[INFO] 03:54:48:926 cpu.log/(31727:31816): PID: 2 - Ejecutando: IO_GEN_SLEEP GENERICA 1
[INFO] 03:54:48:926 cpu.log/(31727:31816): Recibi una interrupcion de Fin de Quantum del proceso PID: 2

[INFO] 03:54:53:663 cpu.log/(31727:31816): PID: 2 - FETCH - Program Counter: 80
[INFO] 03:54:53:764 cpu.log/(31727:31816): PID: 2 - Ejecutando: SUM BX CX
[INFO] 03:54:53:764 cpu.log/(31727:31816): Recibi una interrupcion de Fin de Quantum del proceso PID: 2

[INFO] 03:54:57:068 cpu.log/(31727:31816): PID: 2 - FETCH - Program Counter: 81
[INFO] 03:54:57:170 cpu.log/(31727:31816): PID: 2 - Ejecutando: SET AX 119
[INFO] 03:54:57:170 cpu.log/(31727:31816): Recibi una interrupcion de Fin de Quantum del proceso PID: 2

[INFO] 03:55:00:294 cpu.log/(31727:31816): PID: 2 - FETCH - Program Counter: 82
[INFO] 03:55:00:396 cpu.log/(31727:31816): PID: 2 - Ejecutando: MOV_OUT BX AX
[INFO] 03:55:00:396 cpu.log/(31727:31816): PID: 2 - OBTENER MARCO - Página: 1 - Marco: 9 

[INFO] 03:55:00:397 cpu.log/(31727:31816): PID: 2 - Acción: ESCRIBIR - Dirección Física: 152 - Valor: 119 

[INFO] 03:55:00:398 cpu.log/(31727:31816): Recibi una interrupcion de Fin de Quantum del proceso PID: 2

[INFO] 03:55:02:619 cpu.log/(31727:31816): PID: 2 - FETCH - Program Counter: 83
[INFO] 03:55:02:724 cpu.log/(31727:31816): PID: 2 - Ejecutando: SUM BX CX
[INFO] 03:55:02:724 cpu.log/(31727:31816): Recibi una interrupcion de Fin de Quantum del proceso PID: 2

[INFO] 03:55:08:873 cpu.log/(31727:31816): PID: 2 - FETCH - Program Counter: 84
[INFO] 03:55:08:976 cpu.log/(31727:31816): PID: 2 - Ejecutando: SET AX 111
[INFO] 03:55:08:977 cpu.log/(31727:31816): Recibi una interrupcion de Fin de Quantum del proceso PID: 2

[INFO] 03:55:14:050 cpu.log/(31727:31816): PID: 2 - FETCH - Program Counter: 85
[INFO] 03:55:14:152 cpu.log/(31727:31816): PID: 2 - Ejecutando: MOV_OUT BX AX
[INFO] 03:55:14:152 cpu.log/(31727:31816): PID: 2 - OBTENER MARCO - Página: 1 - Marco: 9 

[INFO] 03:55:14:152 cpu.log/(31727:31816): PID: 2 - Acción: ESCRIBIR - Dirección Física: 153 - Valor: 111 

[INFO] 03:55:14:155 cpu.log/(31727:31816): Recibi una interrupcion de Fin de Quantum del proceso PID: 2

[INFO] 03:55:17:679 cpu.log/(31727:31816): PID: 2 - FETCH - Program Counter: 86
[INFO] 03:55:17:780 cpu.log/(31727:31816): PID: 2 - Ejecutando: SUM BX CX
[INFO] 03:55:17:780 cpu.log/(31727:31816): Recibi una interrupcion de Fin de Quantum del proceso PID: 2

[INFO] 03:55:19:721 cpu.log/(31727:31816): PID: 2 - FETCH - Program Counter: 87
[INFO] 03:55:19:829 cpu.log/(31727:31816): PID: 2 - Ejecutando: SET AX 114
[INFO] 03:55:19:830 cpu.log/(31727:31816): Recibi una interrupcion de Fin de Quantum del proceso PID: 2

[INFO] 03:55:27:168 cpu.log/(31727:31816): PID: 2 - FETCH - Program Counter: 88
[INFO] 03:55:27:269 cpu.log/(31727:31816): PID: 2 - Ejecutando: MOV_OUT BX AX
[INFO] 03:55:27:270 cpu.log/(31727:31816): PID: 2 - OBTENER MARCO - Página: 1 - Marco: 9 

[INFO] 03:55:27:270 cpu.log/(31727:31816): PID: 2 - Acción: ESCRIBIR - Dirección Física: 154 - Valor: 114 

[INFO] 03:55:27:270 cpu.log/(31727:31816): Recibi una interrupcion de Fin de Quantum del proceso PID: 2

[INFO] 03:55:31:269 cpu.log/(31727:31816): PID: 2 - FETCH - Program Counter: 89
[INFO] 03:55:31:376 cpu.log/(31727:31816): PID: 2 - Ejecutando: SUM BX CX
[INFO] 03:55:31:377 cpu.log/(31727:31816): Recibi una interrupcion de Fin de Quantum del proceso PID: 2

[INFO] 03:55:48:349 cpu.log/(31727:31816): PID: 2 - FETCH - Program Counter: 90
[INFO] 03:55:48:462 cpu.log/(31727:31816): PID: 2 - Ejecutando: SET AX 108
[INFO] 03:55:48:462 cpu.log/(31727:31816): Recibi una interrupcion de Fin de Quantum del proceso PID: 2

[INFO] 03:55:51:995 cpu.log/(31727:31816): PID: 2 - FETCH - Program Counter: 91
[INFO] 03:55:52:107 cpu.log/(31727:31816): PID: 2 - Ejecutando: MOV_OUT BX AX
[INFO] 03:55:52:108 cpu.log/(31727:31816): PID: 2 - OBTENER MARCO - Página: 1 - Marco: 9 

[INFO] 03:55:52:108 cpu.log/(31727:31816): PID: 2 - Acción: ESCRIBIR - Dirección Física: 155 - Valor: 108 

[INFO] 03:55:52:109 cpu.log/(31727:31816): PID: 2 - FETCH - Program Counter: 92
[INFO] 03:55:52:212 cpu.log/(31727:31816): PID: 2 - Ejecutando: SUM BX CX
[INFO] 03:55:52:212 cpu.log/(31727:31816): PID: 2 - FETCH - Program Counter: 93
[INFO] 03:55:52:313 cpu.log/(31727:31816): PID: 2 - Ejecutando: SET AX 100
[INFO] 03:55:52:313 cpu.log/(31727:31816): PID: 2 - FETCH - Program Counter: 94
[INFO] 03:55:52:414 cpu.log/(31727:31816): PID: 2 - Ejecutando: MOV_OUT BX AX
[INFO] 03:55:52:415 cpu.log/(31727:31816): PID: 2 - OBTENER MARCO - Página: 1 - Marco: 9 

[INFO] 03:55:52:415 cpu.log/(31727:31816): PID: 2 - Acción: ESCRIBIR - Dirección Física: 156 - Valor: 100 

[INFO] 03:55:52:416 cpu.log/(31727:31816): PID: 2 - FETCH - Program Counter: 95
[INFO] 03:55:52:524 cpu.log/(31727:31816): PID: 2 - Ejecutando: SUM BX CX
[INFO] 03:55:52:524 cpu.log/(31727:31816): PID: 2 - FETCH - Program Counter: 96
[INFO] 03:55:52:627 cpu.log/(31727:31816): PID: 2 - Ejecutando: SET AX 32
[INFO] 03:55:52:627 cpu.log/(31727:31816): PID: 2 - FETCH - Program Counter: 97
[INFO] 03:55:52:732 cpu.log/(31727:31816): PID: 2 - Ejecutando: MOV_OUT BX AX
[INFO] 03:55:52:732 cpu.log/(31727:31816): PID: 2 - OBTENER MARCO - Página: 1 - Marco: 9 

[INFO] 03:55:52:732 cpu.log/(31727:31816): PID: 2 - Acción: ESCRIBIR - Dirección Física: 157 - Valor: 32 

[INFO] 03:55:52:739 cpu.log/(31727:31816): PID: 2 - FETCH - Program Counter: 98
[INFO] 03:55:52:840 cpu.log/(31727:31816): PID: 2 - Ejecutando: IO_GEN_SLEEP GENERICA 1
[INFO] 03:55:52:840 cpu.log/(31727:31816): Recibi una interrupcion de Fin de Quantum del proceso PID: 2

[INFO] 03:55:53:239 cpu.log/(31727:31816): PID: 2 - FETCH - Program Counter: 99
[INFO] 03:55:53:341 cpu.log/(31727:31816): PID: 2 - Ejecutando: SUM BX CX
[INFO] 03:55:53:341 cpu.log/(31727:31816): PID: 2 - FETCH - Program Counter: 100
[INFO] 03:55:53:452 cpu.log/(31727:31816): PID: 2 - Ejecutando: SET AX 111
[INFO] 03:55:53:453 cpu.log/(31727:31816): PID: 2 - FETCH - Program Counter: 101
[INFO] 03:55:53:555 cpu.log/(31727:31816): PID: 2 - Ejecutando: MOV_OUT BX AX
[INFO] 03:55:53:556 cpu.log/(31727:31816): PID: 2 - OBTENER MARCO - Página: 1 - Marco: 9 

[INFO] 03:55:53:556 cpu.log/(31727:31816): PID: 2 - Acción: ESCRIBIR - Dirección Física: 158 - Valor: 111 

[INFO] 03:55:53:560 cpu.log/(31727:31816): PID: 2 - FETCH - Program Counter: 102
[INFO] 03:55:53:661 cpu.log/(31727:31816): PID: 2 - Ejecutando: SUM BX CX
[INFO] 03:55:53:661 cpu.log/(31727:31816): PID: 2 - FETCH - Program Counter: 103
[INFO] 03:55:53:773 cpu.log/(31727:31816): PID: 2 - Ejecutando: SET AX 110
[INFO] 03:55:53:773 cpu.log/(31727:31816): PID: 2 - FETCH - Program Counter: 104
[INFO] 03:55:53:885 cpu.log/(31727:31816): PID: 2 - Ejecutando: MOV_OUT BX AX
[INFO] 03:55:53:887 cpu.log/(31727:31816): PID: 2 - OBTENER MARCO - Página: 1 - Marco: 9 

[INFO] 03:55:53:887 cpu.log/(31727:31816): PID: 2 - Acción: ESCRIBIR - Dirección Física: 159 - Valor: 110 

[INFO] 03:55:53:887 cpu.log/(31727:31816): PID: 2 - FETCH - Program Counter: 105
[INFO] 03:55:53:997 cpu.log/(31727:31816): PID: 2 - Ejecutando: SUM BX CX
[INFO] 03:55:53:997 cpu.log/(31727:31816): Recibi una interrupcion de Fin de Quantum del proceso PID: 2

[INFO] 03:56:00:489 cpu.log/(31727:31816): PID: 2 - FETCH - Program Counter: 106
[INFO] 03:56:00:591 cpu.log/(31727:31816): PID: 2 - Ejecutando: SET AX 32
[INFO] 03:56:00:591 cpu.log/(31727:31816): PID: 2 - FETCH - Program Counter: 107
[INFO] 03:56:00:700 cpu.log/(31727:31816): PID: 2 - Ejecutando: MOV_OUT BX AX
[INFO] 03:56:00:700 cpu.log/(31727:31816): PID: 2 - OBTENER MARCO - Página: 2 - Marco: 10 

[INFO] 03:56:00:701 cpu.log/(31727:31816): PID: 2 - Acción: ESCRIBIR - Dirección Física: 160 - Valor: 32 

[INFO] 03:56:00:716 cpu.log/(31727:31816): PID: 2 - FETCH - Program Counter: 108
[INFO] 03:56:00:828 cpu.log/(31727:31816): PID: 2 - Ejecutando: IO_GEN_SLEEP GENERICA 1
[INFO] 03:56:03:864 cpu.log/(31727:31816): PID: 2 - FETCH - Program Counter: 109
[INFO] 03:56:03:976 cpu.log/(31727:31816): PID: 2 - Ejecutando: SUM BX CX
[INFO] 03:56:03:976 cpu.log/(31727:31816): Recibi una interrupcion de Fin de Quantum del proceso PID: 2

[INFO] 03:56:05:221 cpu.log/(31727:31816): PID: 2 - FETCH - Program Counter: 110
[INFO] 03:56:05:333 cpu.log/(31727:31816): PID: 2 - Ejecutando: SET AX 102
[INFO] 03:56:05:333 cpu.log/(31727:31816): Recibi una interrupcion de Fin de Quantum del proceso PID: 2

[INFO] 03:56:06:879 cpu.log/(31727:31816): PID: 2 - FETCH - Program Counter: 111
[INFO] 03:56:06:980 cpu.log/(31727:31816): PID: 2 - Ejecutando: MOV_OUT BX AX
[INFO] 03:56:06:980 cpu.log/(31727:31816): PID: 2 - OBTENER MARCO - Página: 2 - Marco: 10 

[INFO] 03:56:06:981 cpu.log/(31727:31816): PID: 2 - Acción: ESCRIBIR - Dirección Física: 161 - Valor: 102 

[INFO] 03:56:06:981 cpu.log/(31727:31816): Recibi una interrupcion de Fin de Quantum del proceso PID: 2

[INFO] 03:56:09:370 cpu.log/(31727:31816): PID: 2 - FETCH - Program Counter: 112
[INFO] 03:56:09:472 cpu.log/(31727:31816): PID: 2 - Ejecutando: SUM BX CX
[INFO] 03:56:09:472 cpu.log/(31727:31816): Recibi una interrupcion de Fin de Quantum del proceso PID: 2

[INFO] 03:56:12:383 cpu.log/(31727:31816): PID: 2 - FETCH - Program Counter: 113
[INFO] 03:56:12:484 cpu.log/(31727:31816): PID: 2 - Ejecutando: SET AX 105
[INFO] 03:56:12:484 cpu.log/(31727:31816): Recibi una interrupcion de Fin de Quantum del proceso PID: 2

[INFO] 03:56:15:280 cpu.log/(31727:31816): PID: 2 - FETCH - Program Counter: 114
[INFO] 03:56:15:381 cpu.log/(31727:31816): PID: 2 - Ejecutando: MOV_OUT BX AX
[INFO] 03:56:15:381 cpu.log/(31727:31816): PID: 2 - OBTENER MARCO - Página: 2 - Marco: 10 

[INFO] 03:56:15:381 cpu.log/(31727:31816): PID: 2 - Acción: ESCRIBIR - Dirección Física: 162 - Valor: 105 

[INFO] 03:56:15:384 cpu.log/(31727:31816): Recibi una interrupcion de Fin de Quantum del proceso PID: 2

[INFO] 03:56:22:967 cpu.log/(31727:31816): PID: 2 - FETCH - Program Counter: 115
[INFO] 03:56:23:069 cpu.log/(31727:31816): PID: 2 - Ejecutando: SUM BX CX
[INFO] 03:56:23:069 cpu.log/(31727:31816): Recibi una interrupcion de Fin de Quantum del proceso PID: 2

[INFO] 03:56:26:798 cpu.log/(31727:31816): PID: 2 - FETCH - Program Counter: 116
[INFO] 03:56:26:909 cpu.log/(31727:31816): PID: 2 - Ejecutando: SET AX 114
[INFO] 03:56:26:910 cpu.log/(31727:31816): Recibi una interrupcion de Fin de Quantum del proceso PID: 2

[INFO] 03:56:35:859 cpu.log/(31727:31816): PID: 2 - FETCH - Program Counter: 117
[INFO] 03:56:35:965 cpu.log/(31727:31816): PID: 2 - Ejecutando: MOV_OUT BX AX
[INFO] 03:56:35:965 cpu.log/(31727:31816): PID: 2 - OBTENER MARCO - Página: 2 - Marco: 10 

[INFO] 03:56:35:965 cpu.log/(31727:31816): PID: 2 - Acción: ESCRIBIR - Dirección Física: 163 - Valor: 114 

[INFO] 03:56:35:965 cpu.log/(31727:31816): Recibi una interrupcion de Fin de Quantum del proceso PID: 2

[INFO] 03:56:37:733 cpu.log/(31727:31816): PID: 2 - FETCH - Program Counter: 118
[INFO] 03:56:37:840 cpu.log/(31727:31816): PID: 2 - Ejecutando: SUM BX CX
[INFO] 03:56:37:840 cpu.log/(31727:31816): Recibi una interrupcion de Fin de Quantum del proceso PID: 2

[INFO] 03:56:40:913 cpu.log/(31727:31816): PID: 2 - FETCH - Program Counter: 119
[INFO] 03:56:41:028 cpu.log/(31727:31816): PID: 2 - Ejecutando: SET AX 101
[INFO] 03:56:41:028 cpu.log/(31727:31816): Recibi una interrupcion de Fin de Quantum del proceso PID: 2

[INFO] 03:56:41:663 cpu.log/(31727:31816): PID: 2 - FETCH - Program Counter: 120
[INFO] 03:56:41:766 cpu.log/(31727:31816): PID: 2 - Ejecutando: MOV_OUT BX AX
[INFO] 03:56:41:766 cpu.log/(31727:31816): PID: 2 - OBTENER MARCO - Página: 2 - Marco: 10 

[INFO] 03:56:41:766 cpu.log/(31727:31816): PID: 2 - Acción: ESCRIBIR - Dirección Física: 164 - Valor: 101 

[INFO] 03:56:41:783 cpu.log/(31727:31816): Recibi una interrupcion de Fin de Quantum del proceso PID: 2

[INFO] 03:56:42:412 cpu.log/(31727:31816): PID: 2 - FETCH - Program Counter: 121
[INFO] 03:56:42:518 cpu.log/(31727:31816): PID: 2 - Ejecutando: SET BX 0
[INFO] 03:56:42:518 cpu.log/(31727:31816): Recibi una interrupcion de Fin de Quantum del proceso PID: 2

[INFO] 03:56:43:161 cpu.log/(31727:31816): PID: 2 - FETCH - Program Counter: 122
[INFO] 03:56:43:266 cpu.log/(31727:31816): PID: 2 - Ejecutando: SET DX 37
[INFO] 03:56:43:266 cpu.log/(31727:31816): Recibi una interrupcion de Fin de Quantum del proceso PID: 2

[INFO] 03:56:43:910 cpu.log/(31727:31816): PID: 2 - FETCH - Program Counter: 123
[INFO] 03:56:44:012 cpu.log/(31727:31816): PID: 2 - Ejecutando: IO_STDOUT_WRITE MONITOR BX DX
[INFO] 03:56:44:013 cpu.log/(31727:31816): PID: 2 - OBTENER MARCO - Página: 0 - Marco: 8 

[INFO] 03:56:44:013 cpu.log/(31727:31816): PID: 2 - OBTENER MARCO - Página: 1 - Marco: 9 

[INFO] 03:56:44:013 cpu.log/(31727:31816): PID: 2 - OBTENER MARCO - Página: 2 - Marco: 10 

[INFO] 03:56:44:013 cpu.log/(31727:31816): Recibi una interrupcion de Fin de Quantum del proceso PID: 2

[INFO] 03:56:47:872 cpu.log/(31727:31816): PID: 2 - FETCH - Program Counter: 124
[INFO] 03:56:47:974 cpu.log/(31727:31816): PID: 2 - Ejecutando: EXIT
