[INFO] 03:38:14:425 kernel.log/(31812:31812): Se inicializo el hilo para control de quantum
[INFO] 03:39:28:635 kernel.log/(31812:31880): Se agrego interfaz GENERICA: GENERICA 

[INFO] 03:40:08:003 kernel.log/(31812:31904): Se agrego interfaz STDIN: TECLADO 

[INFO] 03:44:58:263 kernel.log/(31812:32236): Se agrego interfaz STDOUT: MONITOR 

[INFO] 03:45:27:557 kernel.log/(31812:31818): Se crea el proceso 1 en NEW 

[INFO] 03:45:30:539 kernel.log/(31812:31818): Se crea el proceso 2 en NEW 

[INFO] 03:45:31:846 kernel.log/(31812:31818): Se crea el proceso 3 en NEW 

[INFO] 03:45:32:453 kernel.log/(31812:31815): PID: 1 - Estado Anterior: NEW - Estado Actual: READY
[INFO] 03:45:32:837 kernel.log/(31812:31815): Cola Ready RR: [ 1 ] 

[INFO] 03:45:32:838 kernel.log/(31812:31815): PID: 2 - Estado Anterior: NEW - Estado Actual: READY
[INFO] 03:45:32:838 kernel.log/(31812:31815): Cola Ready RR: [ 1  2 ] 

[INFO] 03:45:32:838 kernel.log/(31812:31815): PID: 3 - Estado Anterior: NEW - Estado Actual: READY
[INFO] 03:45:32:838 kernel.log/(31812:31815): Cola Ready RR: [ 1  2  3 ] 

[INFO] 03:45:32:839 kernel.log/(31812:31817): PID: 1 - Estado Anterior: READY - Estado Actual: EXEC
[INFO] 03:45:38:206 kernel.log/(31812:31812): Comienza el quantum de: 750
[INFO] 03:45:38:963 kernel.log/(31812:31817): PID: 1 - Estado Anterior: EXEC - Estado Actual: BLOCKED_IO_STDIN
[INFO] 03:45:41:212 kernel.log/(31812:31817): PID: 1 - Bloqueado por: INTERFAZ STDIN: TECLADO

[INFO] 03:45:41:830 kernel.log/(31812:31817): Cola Bloqueados Interfaz STDIN, TECLADO: [ 1 ] 

[INFO] 03:45:41:831 kernel.log/(31812:31817): PID: 2 - Estado Anterior: READY - Estado Actual: EXEC
[INFO] 03:45:41:834 kernel.log/(31812:31812): Comienza el quantum de: 750
[INFO] 03:45:41:955 kernel.log/(31812:31817): PID: 2 - Desalojado por fin de Quantum

[INFO] 03:45:41:955 kernel.log/(31812:31817): PID: 2 - Estado Anterior: EXEC - Estado Actual: READY
[INFO] 03:45:41:955 kernel.log/(31812:31817): Cola Ready RR: [ 3  2 ] 

[INFO] 03:45:41:955 kernel.log/(31812:31817): PID: 3 - Estado Anterior: READY - Estado Actual: EXEC
[INFO] 03:45:42:947 kernel.log/(31812:31812): Comienza el quantum de: 750
[INFO] 03:45:43:411 kernel.log/(31812:31817): PID: 3 - Desalojado por fin de Quantum

[INFO] 03:45:43:490 kernel.log/(31812:31817): PID: 3 - Estado Anterior: EXEC - Estado Actual: READY
[INFO] 03:45:43:608 kernel.log/(31812:31817): Cola Ready RR: [ 2  3 ] 

[INFO] 03:45:43:622 kernel.log/(31812:31817): PID: 2 - Estado Anterior: READY - Estado Actual: EXEC
[INFO] 03:45:43:876 kernel.log/(31812:31812): Comienza el quantum de: 750
[INFO] 03:45:44:016 kernel.log/(31812:31817): PID: 2 - Desalojado por fin de Quantum

[INFO] 03:45:44:017 kernel.log/(31812:31817): PID: 2 - Estado Anterior: EXEC - Estado Actual: READY
[INFO] 03:45:44:017 kernel.log/(31812:31817): Cola Ready RR: [ 3  2 ] 

[INFO] 03:45:44:017 kernel.log/(31812:31817): PID: 3 - Estado Anterior: READY - Estado Actual: EXEC
[INFO] 03:45:49:207 kernel.log/(31812:31812): Comienza el quantum de: 750
[INFO] 03:45:50:251 kernel.log/(31812:31817): PID: 3 - Desalojado por fin de Quantum

[INFO] 03:45:51:156 kernel.log/(31812:31817): PID: 3 - Estado Anterior: EXEC - Estado Actual: READY
[INFO] 03:45:51:156 kernel.log/(31812:31817): Cola Ready RR: [ 2  3 ] 

[INFO] 03:45:51:156 kernel.log/(31812:31817): PID: 2 - Estado Anterior: READY - Estado Actual: EXEC
[INFO] 03:45:51:177 kernel.log/(31812:31812): Comienza el quantum de: 750
[INFO] 03:45:51:857 kernel.log/(31812:31817): PID: 2 - Desalojado por fin de Quantum

[INFO] 03:45:51:929 kernel.log/(31812:31817): PID: 2 - Estado Anterior: EXEC - Estado Actual: READY
[INFO] 03:45:54:181 kernel.log/(31812:31817): Cola Ready RR: [ 3  2 ] 

[INFO] 03:45:54:313 kernel.log/(31812:31817): PID: 3 - Estado Anterior: READY - Estado Actual: EXEC
[INFO] 03:45:54:933 kernel.log/(31812:31812): Comienza el quantum de: 750
[INFO] 03:45:57:647 kernel.log/(31812:31817): PID: 3 - Desalojado por fin de Quantum

[INFO] 03:45:58:636 kernel.log/(31812:31817): PID: 3 - Estado Anterior: EXEC - Estado Actual: READY
[INFO] 03:46:00:195 kernel.log/(31812:31817): Cola Ready RR: [ 2  3 ] 

[INFO] 03:46:01:656 kernel.log/(31812:31817): PID: 2 - Estado Anterior: READY - Estado Actual: EXEC
[INFO] 03:46:03:349 kernel.log/(31812:31812): Comienza el quantum de: 750
[INFO] 03:46:03:497 kernel.log/(31812:31817): PID: 2 - Desalojado por fin de Quantum

[INFO] 03:46:05:072 kernel.log/(31812:31817): PID: 2 - Estado Anterior: EXEC - Estado Actual: READY
[INFO] 03:46:05:415 kernel.log/(31812:31817): Cola Ready RR: [ 3  2 ] 

[INFO] 03:46:06:952 kernel.log/(31812:31817): PID: 3 - Estado Anterior: READY - Estado Actual: EXEC
[INFO] 03:46:14:256 kernel.log/(31812:31812): Comienza el quantum de: 750
[INFO] 03:46:14:476 kernel.log/(31812:31817): PID: 3 - Desalojado por fin de Quantum

[INFO] 03:46:14:476 kernel.log/(31812:31817): PID: 3 - Estado Anterior: EXEC - Estado Actual: READY
[INFO] 03:46:14:477 kernel.log/(31812:31817): Cola Ready RR: [ 2  3 ] 

[INFO] 03:46:14:477 kernel.log/(31812:31817): PID: 2 - Estado Anterior: READY - Estado Actual: EXEC
[INFO] 03:46:15:299 kernel.log/(31812:31812): Comienza el quantum de: 750
[INFO] 03:46:16:049 kernel.log/(31812:31817): PID: 2 - Desalojado por fin de Quantum

[INFO] 03:46:16:395 kernel.log/(31812:31817): PID: 2 - Estado Anterior: EXEC - Estado Actual: READY
[INFO] 03:46:16:442 kernel.log/(31812:31817): Cola Ready RR: [ 3  2 ] 

[INFO] 03:46:16:831 kernel.log/(31812:31817): PID: 3 - Estado Anterior: READY - Estado Actual: EXEC
[INFO] 03:46:16:876 kernel.log/(31812:31812): Comienza el quantum de: 750
[INFO] 03:46:17:626 kernel.log/(31812:31817): PID: 3 - Estado Anterior: EXEC - Estado Actual: BLOCKED_IO_STDIN
[INFO] 03:46:18:432 kernel.log/(31812:31817): PID: 3 - Bloqueado por: INTERFAZ STDIN: TECLADO

[INFO] 03:46:19:475 kernel.log/(31812:31817): Cola Bloqueados Interfaz STDIN, TECLADO: [ 1  3 ] 

[INFO] 03:46:21:781 kernel.log/(31812:31817): PID: 2 - Estado Anterior: READY - Estado Actual: EXEC
[INFO] 03:46:23:353 kernel.log/(31812:31812): Comienza el quantum de: 750
[INFO] 03:46:27:360 kernel.log/(31812:31817): PID: 2 - Desalojado por fin de Quantum

[INFO] 03:46:27:527 kernel.log/(31812:31817): PID: 2 - Estado Anterior: EXEC - Estado Actual: READY
[INFO] 03:46:27:919 kernel.log/(31812:31817): Cola Ready RR: [ 2 ] 

[INFO] 03:46:29:550 kernel.log/(31812:31817): PID: 2 - Estado Anterior: READY - Estado Actual: EXEC
[INFO] 03:46:32:446 kernel.log/(31812:31812): Comienza el quantum de: 750
[INFO] 03:46:33:195 kernel.log/(31812:31817): PID: 2 - Desalojado por fin de Quantum

[INFO] 03:46:35:131 kernel.log/(31812:31817): PID: 2 - Estado Anterior: EXEC - Estado Actual: READY
[INFO] 03:46:36:676 kernel.log/(31812:31817): Cola Ready RR: [ 2 ] 

[INFO] 03:46:36:772 kernel.log/(31812:31817): PID: 2 - Estado Anterior: READY - Estado Actual: EXEC
[INFO] 03:46:37:336 kernel.log/(31812:31812): Comienza el quantum de: 750
[INFO] 03:46:37:568 kernel.log/(31812:31817): PID: 2 - Desalojado por fin de Quantum

[INFO] 03:46:37:576 kernel.log/(31812:31817): PID: 2 - Estado Anterior: EXEC - Estado Actual: READY
[INFO] 03:46:38:085 kernel.log/(31812:31817): Cola Ready RR: [ 2 ] 

[INFO] 03:46:38:445 kernel.log/(31812:31817): PID: 2 - Estado Anterior: READY - Estado Actual: EXEC
[INFO] 03:46:38:671 kernel.log/(31812:31812): Comienza el quantum de: 750
[INFO] 03:46:39:826 kernel.log/(31812:31817): PID: 2 - Estado Anterior: EXEC - Estado Actual: BLOCKED_IO_GENERICA
[INFO] 03:46:40:268 kernel.log/(31812:31817): PID: 2 - Bloqueado por: INTERFAZ GENERICA: GENERICA

[INFO] 03:46:40:681 kernel.log/(31812:31817): Cola Bloqueados Interfaz GENERICA, GENERICA: [ 2 ] 

[INFO] 03:46:40:934 kernel.log/(31812:31881): PID: 2 - Estado Anterior: BLOCKED_IO_GENERICA - Estado Actual: READY
[INFO] 03:46:40:934 kernel.log/(31812:31881): Cola Ready RR: [ 2 ] 

[INFO] 03:46:40:948 kernel.log/(31812:31817): PID: 2 - Estado Anterior: READY - Estado Actual: EXEC
[INFO] 03:46:42:571 kernel.log/(31812:31812): Comienza el quantum de: 750
[INFO] 03:46:43:320 kernel.log/(31812:31817): PID: 2 - Desalojado por fin de Quantum

[INFO] 03:46:44:100 kernel.log/(31812:31817): PID: 2 - Estado Anterior: EXEC - Estado Actual: READY
[INFO] 03:46:44:386 kernel.log/(31812:31817): Cola Ready RR: [ 2 ] 

[INFO] 03:46:45:240 kernel.log/(31812:31817): PID: 2 - Estado Anterior: READY - Estado Actual: EXEC
[INFO] 03:46:45:901 kernel.log/(31812:31812): Comienza el quantum de: 750
[INFO] 03:46:46:039 kernel.log/(31812:31817): PID: 2 - Desalojado por fin de Quantum

[INFO] 03:46:46:039 kernel.log/(31812:31817): PID: 2 - Estado Anterior: EXEC - Estado Actual: READY
[INFO] 03:46:46:039 kernel.log/(31812:31817): Cola Ready RR: [ 2 ] 

[INFO] 03:46:46:040 kernel.log/(31812:31817): PID: 2 - Estado Anterior: READY - Estado Actual: EXEC
[INFO] 03:46:47:200 kernel.log/(31812:31812): Comienza el quantum de: 750
[INFO] 03:46:47:949 kernel.log/(31812:31817): PID: 2 - Desalojado por fin de Quantum

[INFO] 03:46:49:299 kernel.log/(31812:31817): PID: 2 - Estado Anterior: EXEC - Estado Actual: READY
[INFO] 03:46:49:410 kernel.log/(31812:31817): Cola Ready RR: [ 2 ] 

[INFO] 03:46:49:936 kernel.log/(31812:31817): PID: 2 - Estado Anterior: READY - Estado Actual: EXEC
[INFO] 03:46:50:268 kernel.log/(31812:31812): Comienza el quantum de: 750
[INFO] 03:46:50:793 kernel.log/(31812:31817): PID: 2 - Desalojado por fin de Quantum

[INFO] 03:46:52:681 kernel.log/(31812:31817): PID: 2 - Estado Anterior: EXEC - Estado Actual: READY
[INFO] 03:46:54:792 kernel.log/(31812:31817): Cola Ready RR: [ 2 ] 

[INFO] 03:46:54:792 kernel.log/(31812:31817): PID: 2 - Estado Anterior: READY - Estado Actual: EXEC
[INFO] 03:46:59:137 kernel.log/(31812:31812): Comienza el quantum de: 750
[INFO] 03:46:59:547 kernel.log/(31812:31817): PID: 2 - Desalojado por fin de Quantum

[INFO] 03:47:00:630 kernel.log/(31812:31817): PID: 2 - Estado Anterior: EXEC - Estado Actual: READY
[INFO] 03:47:00:748 kernel.log/(31812:31817): Cola Ready RR: [ 2 ] 

[INFO] 03:47:00:796 kernel.log/(31812:31817): PID: 2 - Estado Anterior: READY - Estado Actual: EXEC
[INFO] 03:47:01:049 kernel.log/(31812:31812): Comienza el quantum de: 750
[INFO] 03:47:01:338 kernel.log/(31812:31817): PID: 2 - Desalojado por fin de Quantum

[INFO] 03:47:01:353 kernel.log/(31812:31817): PID: 2 - Estado Anterior: EXEC - Estado Actual: READY
[INFO] 03:47:01:375 kernel.log/(31812:31817): Cola Ready RR: [ 2 ] 

[INFO] 03:47:03:241 kernel.log/(31812:31817): PID: 2 - Estado Anterior: READY - Estado Actual: EXEC
[INFO] 03:47:05:401 kernel.log/(31812:31812): Comienza el quantum de: 750
[INFO] 03:47:06:150 kernel.log/(31812:31817): PID: 2 - Desalojado por fin de Quantum

[INFO] 03:47:06:381 kernel.log/(31812:31817): PID: 2 - Estado Anterior: EXEC - Estado Actual: READY
[INFO] 03:47:06:381 kernel.log/(31812:31817): Cola Ready RR: [ 2 ] 

[INFO] 03:47:06:381 kernel.log/(31812:31817): PID: 2 - Estado Anterior: READY - Estado Actual: EXEC
[INFO] 03:47:06:388 kernel.log/(31812:31812): Comienza el quantum de: 750
[INFO] 03:47:06:692 kernel.log/(31812:31817): PID: 2 - Desalojado por fin de Quantum

[INFO] 03:47:06:993 kernel.log/(31812:31817): PID: 2 - Estado Anterior: EXEC - Estado Actual: READY
[INFO] 03:47:07:489 kernel.log/(31812:31817): Cola Ready RR: [ 2 ] 

[INFO] 03:47:08:775 kernel.log/(31812:31817): PID: 2 - Estado Anterior: READY - Estado Actual: EXEC
[INFO] 03:47:09:577 kernel.log/(31812:31812): Comienza el quantum de: 750
[INFO] 03:47:10:327 kernel.log/(31812:31817): PID: 2 - Desalojado por fin de Quantum

[INFO] 03:47:10:921 kernel.log/(31812:31817): PID: 2 - Estado Anterior: EXEC - Estado Actual: READY
[INFO] 03:47:10:921 kernel.log/(31812:31817): Cola Ready RR: [ 2 ] 

[INFO] 03:47:11:535 kernel.log/(31812:31817): PID: 2 - Estado Anterior: READY - Estado Actual: EXEC
[INFO] 03:47:12:330 kernel.log/(31812:31812): Comienza el quantum de: 750
[INFO] 03:47:12:501 kernel.log/(31812:31817): PID: 2 - Desalojado por fin de Quantum

[INFO] 03:47:16:350 kernel.log/(31812:31817): PID: 2 - Estado Anterior: EXEC - Estado Actual: READY
[INFO] 03:47:17:940 kernel.log/(31812:31817): Cola Ready RR: [ 2 ] 

[INFO] 03:47:20:018 kernel.log/(31812:31817): PID: 2 - Estado Anterior: READY - Estado Actual: EXEC
[INFO] 03:47:22:215 kernel.log/(31812:31812): Comienza el quantum de: 750
[INFO] 03:47:22:797 kernel.log/(31812:31817): PID: 2 - Desalojado por fin de Quantum

[INFO] 03:47:23:086 kernel.log/(31812:31817): PID: 2 - Estado Anterior: EXEC - Estado Actual: READY
[INFO] 03:47:23:236 kernel.log/(31812:31817): Cola Ready RR: [ 2 ] 

[INFO] 03:47:23:519 kernel.log/(31812:31817): PID: 2 - Estado Anterior: READY - Estado Actual: EXEC
[INFO] 03:47:24:690 kernel.log/(31812:31812): Comienza el quantum de: 750
[INFO] 03:47:25:034 kernel.log/(31812:31817): PID: 2 - Desalojado por fin de Quantum

[INFO] 03:47:25:034 kernel.log/(31812:31817): PID: 2 - Estado Anterior: EXEC - Estado Actual: READY
[INFO] 03:47:25:500 kernel.log/(31812:31817): Cola Ready RR: [ 2 ] 

[INFO] 03:47:25:920 kernel.log/(31812:31817): PID: 2 - Estado Anterior: READY - Estado Actual: EXEC
[INFO] 03:47:27:421 kernel.log/(31812:31812): Comienza el quantum de: 750
[INFO] 03:47:28:368 kernel.log/(31812:31817): PID: 2 - Desalojado por fin de Quantum

[INFO] 03:47:30:456 kernel.log/(31812:31817): PID: 2 - Estado Anterior: EXEC - Estado Actual: READY
[INFO] 03:47:31:498 kernel.log/(31812:31817): Cola Ready RR: [ 2 ] 

[INFO] 03:47:33:734 kernel.log/(31812:31817): PID: 2 - Estado Anterior: READY - Estado Actual: EXEC
[INFO] 03:47:34:486 kernel.log/(31812:31812): Comienza el quantum de: 750
[INFO] 03:47:34:624 kernel.log/(31812:31817): PID: 2 - Desalojado por fin de Quantum

[INFO] 03:47:34:712 kernel.log/(31812:31817): PID: 2 - Estado Anterior: EXEC - Estado Actual: READY
[INFO] 03:47:35:235 kernel.log/(31812:31817): Cola Ready RR: [ 2 ] 

[INFO] 03:47:36:721 kernel.log/(31812:31817): PID: 2 - Estado Anterior: READY - Estado Actual: EXEC
[INFO] 03:47:38:025 kernel.log/(31812:31812): Comienza el quantum de: 750
[INFO] 03:47:38:776 kernel.log/(31812:31817): PID: 2 - Desalojado por fin de Quantum

[INFO] 03:47:41:161 kernel.log/(31812:31817): PID: 2 - Estado Anterior: EXEC - Estado Actual: READY
[INFO] 03:47:41:161 kernel.log/(31812:31817): Cola Ready RR: [ 2 ] 

[INFO] 03:47:41:435 kernel.log/(31812:31817): PID: 2 - Estado Anterior: READY - Estado Actual: EXEC
[INFO] 03:47:43:350 kernel.log/(31812:31812): Comienza el quantum de: 750
[INFO] 03:47:44:880 kernel.log/(31812:31817): PID: 2 - Desalojado por fin de Quantum

[INFO] 03:47:45:313 kernel.log/(31812:31817): PID: 2 - Estado Anterior: EXEC - Estado Actual: READY
[INFO] 03:47:45:315 kernel.log/(31812:31817): Cola Ready RR: [ 2 ] 

[INFO] 03:47:45:524 kernel.log/(31812:31817): PID: 2 - Estado Anterior: READY - Estado Actual: EXEC
[INFO] 03:47:50:287 kernel.log/(31812:31812): Comienza el quantum de: 750
[INFO] 03:47:51:036 kernel.log/(31812:31817): PID: 2 - Desalojado por fin de Quantum

[INFO] 03:47:53:419 kernel.log/(31812:31817): PID: 2 - Estado Anterior: EXEC - Estado Actual: READY
[INFO] 03:47:55:829 kernel.log/(31812:31817): Cola Ready RR: [ 2 ] 

[INFO] 03:47:56:025 kernel.log/(31812:31817): PID: 2 - Estado Anterior: READY - Estado Actual: EXEC
[INFO] 03:47:56:820 kernel.log/(31812:31812): Comienza el quantum de: 750
[INFO] 03:47:57:600 kernel.log/(31812:31817): PID: 2 - Desalojado por fin de Quantum

[INFO] 03:48:01:320 kernel.log/(31812:31817): PID: 2 - Estado Anterior: EXEC - Estado Actual: READY
[INFO] 03:48:02:219 kernel.log/(31812:31817): Cola Ready RR: [ 2 ] 

[INFO] 03:48:04:861 kernel.log/(31812:31817): PID: 2 - Estado Anterior: READY - Estado Actual: EXEC
[INFO] 03:48:06:487 kernel.log/(31812:31812): Comienza el quantum de: 750
[INFO] 03:48:07:236 kernel.log/(31812:31817): PID: 2 - Estado Anterior: EXEC - Estado Actual: BLOCKED_IO_GENERICA
[INFO] 03:48:07:919 kernel.log/(31812:31817): PID: 2 - Bloqueado por: INTERFAZ GENERICA: GENERICA

[INFO] 03:48:09:668 kernel.log/(31812:31817): Cola Bloqueados Interfaz GENERICA, GENERICA: [ 2 ] 

[INFO] 03:48:09:990 kernel.log/(31812:31881): PID: 2 - Estado Anterior: BLOCKED_IO_GENERICA - Estado Actual: READY
[INFO] 03:48:09:990 kernel.log/(31812:31881): Cola Ready RR: [ 2 ] 

[INFO] 03:48:09:990 kernel.log/(31812:31817): PID: 2 - Estado Anterior: READY - Estado Actual: EXEC
[INFO] 03:48:10:015 kernel.log/(31812:31812): Comienza el quantum de: 750
[INFO] 03:48:10:133 kernel.log/(31812:31817): PID: 2 - Desalojado por fin de Quantum

[INFO] 03:48:10:133 kernel.log/(31812:31817): PID: 2 - Estado Anterior: EXEC - Estado Actual: READY
[INFO] 03:48:10:133 kernel.log/(31812:31817): Cola Ready RR: [ 2 ] 

[INFO] 03:48:10:133 kernel.log/(31812:31817): PID: 2 - Estado Anterior: READY - Estado Actual: EXEC
[INFO] 03:48:11:580 kernel.log/(31812:31812): Comienza el quantum de: 750
[INFO] 03:48:12:374 kernel.log/(31812:31817): PID: 2 - Desalojado por fin de Quantum

[INFO] 03:48:12:374 kernel.log/(31812:31817): PID: 2 - Estado Anterior: EXEC - Estado Actual: READY
[INFO] 03:48:12:659 kernel.log/(31812:31817): Cola Ready RR: [ 2 ] 

[INFO] 03:48:13:289 kernel.log/(31812:31817): PID: 2 - Estado Anterior: READY - Estado Actual: EXEC
[INFO] 03:48:13:454 kernel.log/(31812:31812): Comienza el quantum de: 750
[INFO] 03:48:14:939 kernel.log/(31812:31817): PID: 2 - Desalojado por fin de Quantum

[INFO] 03:48:14:939 kernel.log/(31812:31817): PID: 2 - Estado Anterior: EXEC - Estado Actual: READY
[INFO] 03:48:15:510 kernel.log/(31812:31817): Cola Ready RR: [ 2 ] 

[INFO] 03:48:15:568 kernel.log/(31812:31817): PID: 2 - Estado Anterior: READY - Estado Actual: EXEC
[INFO] 03:48:17:429 kernel.log/(31812:31812): Comienza el quantum de: 750
[INFO] 03:48:18:210 kernel.log/(31812:31817): PID: 2 - Desalojado por fin de Quantum

[INFO] 03:48:18:570 kernel.log/(31812:31817): PID: 2 - Estado Anterior: EXEC - Estado Actual: READY
[INFO] 03:48:19:047 kernel.log/(31812:31817): Cola Ready RR: [ 2 ] 

[INFO] 03:48:20:534 kernel.log/(31812:31817): PID: 2 - Estado Anterior: READY - Estado Actual: EXEC
[INFO] 03:48:21:975 kernel.log/(31812:31812): Comienza el quantum de: 750
[INFO] 03:48:22:725 kernel.log/(31812:31817): PID: 2 - Desalojado por fin de Quantum

[INFO] 03:48:25:694 kernel.log/(31812:31817): PID: 2 - Estado Anterior: EXEC - Estado Actual: READY
[INFO] 03:48:26:715 kernel.log/(31812:31817): Cola Ready RR: [ 2 ] 

[INFO] 03:48:27:643 kernel.log/(31812:31817): PID: 2 - Estado Anterior: READY - Estado Actual: EXEC
[INFO] 03:48:28:784 kernel.log/(31812:31812): Comienza el quantum de: 750
[INFO] 03:48:29:145 kernel.log/(31812:31817): PID: 2 - Desalojado por fin de Quantum

[INFO] 03:48:29:879 kernel.log/(31812:31817): PID: 2 - Estado Anterior: EXEC - Estado Actual: READY
[INFO] 03:48:29:954 kernel.log/(31812:31817): Cola Ready RR: [ 2 ] 

[INFO] 03:48:30:134 kernel.log/(31812:31817): PID: 2 - Estado Anterior: READY - Estado Actual: EXEC
[INFO] 03:48:31:139 kernel.log/(31812:31812): Comienza el quantum de: 750
[INFO] 03:48:32:264 kernel.log/(31812:31817): PID: 2 - Desalojado por fin de Quantum

[INFO] 03:48:35:400 kernel.log/(31812:31817): PID: 2 - Estado Anterior: EXEC - Estado Actual: READY
[INFO] 03:48:37:035 kernel.log/(31812:31817): Cola Ready RR: [ 2 ] 

[INFO] 03:48:38:535 kernel.log/(31812:31817): PID: 2 - Estado Anterior: READY - Estado Actual: EXEC
[INFO] 03:48:39:695 kernel.log/(31812:31905): PID: 1 - Estado Anterior: BLOCKED_IO_STDIN - Estado Actual: READY
[INFO] 03:48:39:695 kernel.log/(31812:31905): Cola Ready RR: [ 1 ] 

[INFO] 03:48:40:139 kernel.log/(31812:31812): Comienza el quantum de: 750
[INFO] 03:48:41:054 kernel.log/(31812:31817): PID: 2 - Desalojado por fin de Quantum

[INFO] 03:48:41:174 kernel.log/(31812:31817): PID: 2 - Estado Anterior: EXEC - Estado Actual: READY
[INFO] 03:48:43:438 kernel.log/(31812:31817): Cola Ready RR: [ 1  2 ] 

[INFO] 03:48:45:224 kernel.log/(31812:31817): PID: 1 - Estado Anterior: READY - Estado Actual: EXEC
[INFO] 03:48:46:335 kernel.log/(31812:31812): Comienza el quantum de: 750
[INFO] 03:48:47:370 kernel.log/(31812:31817): PID: 1 - Desalojado por fin de Quantum

[INFO] 03:48:50:459 kernel.log/(31812:31817): PID: 1 - Estado Anterior: EXEC - Estado Actual: READY
[INFO] 03:48:51:478 kernel.log/(31812:31817): Cola Ready RR: [ 2  1 ] 

[INFO] 03:48:51:524 kernel.log/(31812:31817): PID: 2 - Estado Anterior: READY - Estado Actual: EXEC
[INFO] 03:48:52:154 kernel.log/(31812:31812): Comienza el quantum de: 750
[INFO] 03:48:54:254 kernel.log/(31812:31817): PID: 2 - Desalojado por fin de Quantum

[INFO] 03:48:54:599 kernel.log/(31812:31817): PID: 2 - Estado Anterior: EXEC - Estado Actual: READY
[INFO] 03:48:55:020 kernel.log/(31812:31817): Cola Ready RR: [ 1  2 ] 

[INFO] 03:48:55:439 kernel.log/(31812:31817): PID: 1 - Estado Anterior: READY - Estado Actual: EXEC
[INFO] 03:48:57:493 kernel.log/(31812:31812): Comienza el quantum de: 750
[INFO] 03:48:59:638 kernel.log/(31812:31905): PID: 3 - Estado Anterior: BLOCKED_IO_STDIN - Estado Actual: READY
[INFO] 03:48:59:638 kernel.log/(31812:31905): Cola Ready RR: [ 2  3 ] 

[INFO] 03:48:59:638 kernel.log/(31812:31817): PID: 1 - Desalojado por fin de Quantum

[INFO] 03:49:00:149 kernel.log/(31812:31817): PID: 1 - Estado Anterior: EXEC - Estado Actual: READY
[INFO] 03:49:01:798 kernel.log/(31812:31817): Cola Ready RR: [ 2  3  1 ] 

[INFO] 03:49:02:413 kernel.log/(31812:31817): PID: 2 - Estado Anterior: READY - Estado Actual: EXEC
[INFO] 03:49:03:074 kernel.log/(31812:31812): Comienza el quantum de: 750
[INFO] 03:49:03:225 kernel.log/(31812:31817): PID: 2 - Desalojado por fin de Quantum

[INFO] 03:49:05:848 kernel.log/(31812:31817): PID: 2 - Estado Anterior: EXEC - Estado Actual: READY
[INFO] 03:49:07:259 kernel.log/(31812:31817): Cola Ready RR: [ 3  1  2 ] 

[INFO] 03:49:07:993 kernel.log/(31812:31817): PID: 3 - Estado Anterior: READY - Estado Actual: EXEC
[INFO] 03:49:07:996 kernel.log/(31812:31812): Comienza el quantum de: 750
[INFO] 03:49:09:388 kernel.log/(31812:31817): PID: 3 - Desalojado por fin de Quantum

[INFO] 03:49:11:218 kernel.log/(31812:31817): PID: 3 - Estado Anterior: EXEC - Estado Actual: READY
[INFO] 03:49:12:118 kernel.log/(31812:31817): Cola Ready RR: [ 1  2  3 ] 

[INFO] 03:49:12:419 kernel.log/(31812:31817): PID: 1 - Estado Anterior: READY - Estado Actual: EXEC
[INFO] 03:49:13:619 kernel.log/(31812:31812): Comienza el quantum de: 750
[INFO] 03:49:13:889 kernel.log/(31812:31817): PID: 1 - Desalojado por fin de Quantum

[INFO] 03:49:13:889 kernel.log/(31812:31817): PID: 1 - Estado Anterior: EXEC - Estado Actual: READY
[INFO] 03:49:13:889 kernel.log/(31812:31817): Cola Ready RR: [ 2  3  1 ] 

[INFO] 03:49:13:889 kernel.log/(31812:31817): PID: 2 - Estado Anterior: READY - Estado Actual: EXEC
[INFO] 03:49:14:428 kernel.log/(31812:31812): Comienza el quantum de: 750
[INFO] 03:49:15:913 kernel.log/(31812:31817): PID: 2 - Desalojado por fin de Quantum

[INFO] 03:49:16:214 kernel.log/(31812:31817): PID: 2 - Estado Anterior: EXEC - Estado Actual: READY
[INFO] 03:49:19:350 kernel.log/(31812:31817): Cola Ready RR: [ 3  1  2 ] 

[INFO] 03:49:20:144 kernel.log/(31812:31817): PID: 3 - Estado Anterior: READY - Estado Actual: EXEC
[INFO] 03:49:20:848 kernel.log/(31812:31812): Comienza el quantum de: 750
[INFO] 03:49:21:554 kernel.log/(31812:31817): PID: 3 - Desalojado por fin de Quantum

[INFO] 03:49:22:454 kernel.log/(31812:31817): PID: 3 - Estado Anterior: EXEC - Estado Actual: READY
[INFO] 03:49:24:449 kernel.log/(31812:31817): Cola Ready RR: [ 1  2  3 ] 

[INFO] 03:49:25:010 kernel.log/(31812:31817): PID: 1 - Estado Anterior: READY - Estado Actual: EXEC
[INFO] 03:49:25:258 kernel.log/(31812:31812): Comienza el quantum de: 750
[INFO] 03:49:25:483 kernel.log/(31812:31817): PID: 1 - Desalojado por fin de Quantum

[INFO] 03:49:26:939 kernel.log/(31812:31817): PID: 1 - Estado Anterior: EXEC - Estado Actual: READY
[INFO] 03:49:27:494 kernel.log/(31812:31817): Cola Ready RR: [ 2  3  1 ] 

[INFO] 03:49:28:162 kernel.log/(31812:31817): PID: 2 - Estado Anterior: READY - Estado Actual: EXEC
[INFO] 03:49:28:843 kernel.log/(31812:31812): Comienza el quantum de: 750
[INFO] 03:49:29:819 kernel.log/(31812:31817): PID: 2 - Desalojado por fin de Quantum

[INFO] 03:49:30:554 kernel.log/(31812:31817): PID: 2 - Estado Anterior: EXEC - Estado Actual: READY
[INFO] 03:49:30:810 kernel.log/(31812:31817): Cola Ready RR: [ 3  1  2 ] 

[INFO] 03:49:31:199 kernel.log/(31812:31817): PID: 3 - Estado Anterior: READY - Estado Actual: EXEC
[INFO] 03:49:31:783 kernel.log/(31812:31812): Comienza el quantum de: 750
[INFO] 03:49:32:818 kernel.log/(31812:31817): PID: 3 - Estado Anterior: EXEC - Estado Actual: BLOCKED_IO_GENERICA
[INFO] 03:49:33:793 kernel.log/(31812:31817): PID: 3 - Bloqueado por: INTERFAZ GENERICA: GENERICA

[INFO] 03:49:34:754 kernel.log/(31812:31817): Cola Bloqueados Interfaz GENERICA, GENERICA: [ 3 ] 

[INFO] 03:49:36:163 kernel.log/(31812:31817): PID: 1 - Estado Anterior: READY - Estado Actual: EXEC
[INFO] 03:49:36:314 kernel.log/(31812:31881): PID: 3 - Estado Anterior: BLOCKED_IO_GENERICA - Estado Actual: READY
[INFO] 03:49:36:509 kernel.log/(31812:31812): Comienza el quantum de: 750
[INFO] 03:49:36:509 kernel.log/(31812:31881): Cola Ready RR: [ 2  3 ] 

[INFO] 03:49:37:573 kernel.log/(31812:31817): PID: 1 - Desalojado por fin de Quantum

[INFO] 03:49:38:954 kernel.log/(31812:31817): PID: 1 - Estado Anterior: EXEC - Estado Actual: READY
[INFO] 03:49:39:974 kernel.log/(31812:31817): Cola Ready RR: [ 2  3  1 ] 

[INFO] 03:49:42:463 kernel.log/(31812:31817): PID: 2 - Estado Anterior: READY - Estado Actual: EXEC
[INFO] 03:49:42:599 kernel.log/(31812:31812): Comienza el quantum de: 750
[INFO] 03:49:45:194 kernel.log/(31812:31817): PID: 2 - Desalojado por fin de Quantum

[INFO] 03:49:45:838 kernel.log/(31812:31817): PID: 2 - Estado Anterior: EXEC - Estado Actual: READY
[INFO] 03:49:46:368 kernel.log/(31812:31817): Cola Ready RR: [ 3  1  2 ] 

[INFO] 03:49:46:843 kernel.log/(31812:31817): PID: 3 - Estado Anterior: READY - Estado Actual: EXEC
[INFO] 03:49:47:519 kernel.log/(31812:31812): Comienza el quantum de: 750
[INFO] 03:49:48:268 kernel.log/(31812:31817): PID: 3 - Desalojado por fin de Quantum

[INFO] 03:49:49:064 kernel.log/(31812:31817): PID: 3 - Estado Anterior: EXEC - Estado Actual: READY
[INFO] 03:49:50:339 kernel.log/(31812:31817): Cola Ready RR: [ 1  2  3 ] 

[INFO] 03:49:50:593 kernel.log/(31812:31817): PID: 1 - Estado Anterior: READY - Estado Actual: EXEC
[INFO] 03:49:50:938 kernel.log/(31812:31812): Comienza el quantum de: 750
[INFO] 03:49:52:063 kernel.log/(31812:31817): PID: 1 - Desalojado por fin de Quantum

[INFO] 03:49:52:604 kernel.log/(31812:31817): PID: 1 - Estado Anterior: EXEC - Estado Actual: READY
[INFO] 03:49:53:164 kernel.log/(31812:31817): Cola Ready RR: [ 2  3  1 ] 

[INFO] 03:49:53:428 kernel.log/(31812:31817): PID: 2 - Estado Anterior: READY - Estado Actual: EXEC
[INFO] 03:49:53:894 kernel.log/(31812:31812): Comienza el quantum de: 750
[INFO] 03:49:54:853 kernel.log/(31812:31817): PID: 2 - Desalojado por fin de Quantum

[INFO] 03:49:55:152 kernel.log/(31812:31817): PID: 2 - Estado Anterior: EXEC - Estado Actual: READY
[INFO] 03:49:55:603 kernel.log/(31812:31817): Cola Ready RR: [ 3  1  2 ] 

[INFO] 03:49:55:814 kernel.log/(31812:31817): PID: 3 - Estado Anterior: READY - Estado Actual: EXEC
[INFO] 03:49:56:399 kernel.log/(31812:31812): Comienza el quantum de: 750
[INFO] 03:49:57:404 kernel.log/(31812:31817): PID: 3 - Desalojado por fin de Quantum

[INFO] 03:49:57:883 kernel.log/(31812:31817): PID: 3 - Estado Anterior: EXEC - Estado Actual: READY
[INFO] 03:49:57:958 kernel.log/(31812:31817): Cola Ready RR: [ 1  2  3 ] 

[INFO] 03:49:58:064 kernel.log/(31812:31817): PID: 1 - Estado Anterior: READY - Estado Actual: EXEC
[INFO] 03:49:58:499 kernel.log/(31812:31812): Comienza el quantum de: 750
[INFO] 03:49:59:638 kernel.log/(31812:31817): PID: 1 - Desalojado por fin de Quantum

[INFO] 03:50:04:797 kernel.log/(31812:31817): PID: 1 - Estado Anterior: EXEC - Estado Actual: READY
[INFO] 03:50:07:528 kernel.log/(31812:31817): Cola Ready RR: [ 2  3  1 ] 

[INFO] 03:50:07:903 kernel.log/(31812:31817): PID: 2 - Estado Anterior: READY - Estado Actual: EXEC
[INFO] 03:50:08:817 kernel.log/(31812:31812): Comienza el quantum de: 750
[INFO] 03:50:08:999 kernel.log/(31812:31817): PID: 2 - Desalojado por fin de Quantum

[INFO] 03:50:09:359 kernel.log/(31812:31817): PID: 2 - Estado Anterior: EXEC - Estado Actual: READY
[INFO] 03:50:09:673 kernel.log/(31812:31817): Cola Ready RR: [ 3  1  2 ] 

[INFO] 03:50:09:808 kernel.log/(31812:31817): PID: 3 - Estado Anterior: READY - Estado Actual: EXEC
[INFO] 03:50:12:407 kernel.log/(31812:31812): Comienza el quantum de: 750
[INFO] 03:50:13:603 kernel.log/(31812:31817): PID: 3 - Desalojado por fin de Quantum

[INFO] 03:50:15:359 kernel.log/(31812:31817): PID: 3 - Estado Anterior: EXEC - Estado Actual: READY
[INFO] 03:50:15:913 kernel.log/(31812:31817): Cola Ready RR: [ 1  2  3 ] 

[INFO] 03:50:17:517 kernel.log/(31812:31817): PID: 1 - Estado Anterior: READY - Estado Actual: EXEC
[INFO] 03:50:19:844 kernel.log/(31812:31812): Comienza el quantum de: 750
[INFO] 03:50:20:922 kernel.log/(31812:31817): PID: 1 - Desalojado por fin de Quantum

[INFO] 03:50:22:334 kernel.log/(31812:31817): PID: 1 - Estado Anterior: EXEC - Estado Actual: READY
[INFO] 03:50:22:364 kernel.log/(31812:31817): Cola Ready RR: [ 2  3  1 ] 

[INFO] 03:50:22:618 kernel.log/(31812:31817): PID: 2 - Estado Anterior: READY - Estado Actual: EXEC
[INFO] 03:50:24:403 kernel.log/(31812:31812): Comienza el quantum de: 750
[INFO] 03:50:25:152 kernel.log/(31812:31817): PID: 2 - Estado Anterior: EXEC - Estado Actual: BLOCKED_IO_GENERICA
[INFO] 03:50:25:423 kernel.log/(31812:31817): PID: 2 - Bloqueado por: INTERFAZ GENERICA: GENERICA

[INFO] 03:50:27:103 kernel.log/(31812:31817): Cola Bloqueados Interfaz GENERICA, GENERICA: [ 2 ] 

[INFO] 03:50:29:088 kernel.log/(31812:31817): PID: 3 - Estado Anterior: READY - Estado Actual: EXEC
[INFO] 03:50:29:578 kernel.log/(31812:31881): PID: 2 - Estado Anterior: BLOCKED_IO_GENERICA - Estado Actual: READY
[INFO] 03:50:31:317 kernel.log/(31812:31812): Comienza el quantum de: 750
[INFO] 03:50:32:608 kernel.log/(31812:31817): PID: 3 - Desalojado por fin de Quantum

[INFO] 03:50:31:317 kernel.log/(31812:31881): Cola Ready RR: [ 1  2 ] 

[INFO] 03:50:32:668 kernel.log/(31812:31817): PID: 3 - Estado Anterior: EXEC - Estado Actual: READY
[INFO] 03:50:33:807 kernel.log/(31812:31817): Cola Ready RR: [ 1  2  3 ] 

[INFO] 03:50:34:738 kernel.log/(31812:31817): PID: 1 - Estado Anterior: READY - Estado Actual: EXEC
[INFO] 03:50:36:808 kernel.log/(31812:31812): Comienza el quantum de: 750
[INFO] 03:50:37:244 kernel.log/(31812:31817): PID: 1 - Desalojado por fin de Quantum

[INFO] 03:50:39:883 kernel.log/(31812:31817): PID: 1 - Estado Anterior: EXEC - Estado Actual: READY
[INFO] 03:50:40:498 kernel.log/(31812:31817): Cola Ready RR: [ 2  3  1 ] 

[INFO] 03:50:40:678 kernel.log/(31812:31817): PID: 2 - Estado Anterior: READY - Estado Actual: EXEC
[INFO] 03:50:41:967 kernel.log/(31812:31812): Comienza el quantum de: 750
[INFO] 03:50:42:717 kernel.log/(31812:31817): PID: 2 - Desalojado por fin de Quantum

[INFO] 03:50:42:987 kernel.log/(31812:31817): PID: 2 - Estado Anterior: EXEC - Estado Actual: READY
[INFO] 03:50:44:682 kernel.log/(31812:31817): Cola Ready RR: [ 3  1  2 ] 

[INFO] 03:50:46:191 kernel.log/(31812:31817): PID: 3 - Estado Anterior: READY - Estado Actual: EXEC
[INFO] 03:50:48:147 kernel.log/(31812:31812): Comienza el quantum de: 750
[INFO] 03:50:49:182 kernel.log/(31812:31817): PID: 3 - Desalojado por fin de Quantum

[INFO] 03:50:50:698 kernel.log/(31812:31817): PID: 3 - Estado Anterior: EXEC - Estado Actual: READY
[INFO] 03:50:52:048 kernel.log/(31812:31817): Cola Ready RR: [ 1  2  3 ] 

[INFO] 03:50:52:212 kernel.log/(31812:31817): PID: 1 - Estado Anterior: READY - Estado Actual: EXEC
[INFO] 03:50:52:675 kernel.log/(31812:31812): Comienza el quantum de: 750
[INFO] 03:50:52:977 kernel.log/(31812:31817): PID: 1 - Desalojado por fin de Quantum

[INFO] 03:50:53:412 kernel.log/(31812:31817): PID: 1 - Estado Anterior: EXEC - Estado Actual: READY
[INFO] 03:50:54:020 kernel.log/(31812:31817): Cola Ready RR: [ 2  3  1 ] 

[INFO] 03:50:54:297 kernel.log/(31812:31817): PID: 2 - Estado Anterior: READY - Estado Actual: EXEC
[INFO] 03:50:54:461 kernel.log/(31812:31812): Comienza el quantum de: 750
[INFO] 03:50:54:611 kernel.log/(31812:31817): PID: 2 - Desalojado por fin de Quantum

[INFO] 03:50:55:212 kernel.log/(31812:31817): PID: 2 - Estado Anterior: EXEC - Estado Actual: READY
[INFO] 03:50:55:662 kernel.log/(31812:31817): Cola Ready RR: [ 3  1  2 ] 

[INFO] 03:50:56:007 kernel.log/(31812:31817): PID: 3 - Estado Anterior: READY - Estado Actual: EXEC
[INFO] 03:50:56:922 kernel.log/(31812:31812): Comienza el quantum de: 750
[INFO] 03:50:57:883 kernel.log/(31812:31817): PID: 3 - Desalojado por fin de Quantum

[INFO] 03:50:58:543 kernel.log/(31812:31817): PID: 3 - Estado Anterior: EXEC - Estado Actual: READY
[INFO] 03:50:59:457 kernel.log/(31812:31817): Cola Ready RR: [ 1  2  3 ] 

[INFO] 03:50:59:517 kernel.log/(31812:31817): PID: 1 - Estado Anterior: READY - Estado Actual: EXEC
[INFO] 03:51:01:587 kernel.log/(31812:31812): Comienza el quantum de: 750
[INFO] 03:51:03:177 kernel.log/(31812:31817): PID: 1 - Desalojado por fin de Quantum

[INFO] 03:51:03:471 kernel.log/(31812:31817): PID: 1 - Estado Anterior: EXEC - Estado Actual: READY
[INFO] 03:51:04:138 kernel.log/(31812:31817): Cola Ready RR: [ 2  3  1 ] 

[INFO] 03:51:04:601 kernel.log/(31812:31817): PID: 2 - Estado Anterior: READY - Estado Actual: EXEC
[INFO] 03:51:05:128 kernel.log/(31812:31812): Comienza el quantum de: 750
[INFO] 03:51:07:782 kernel.log/(31812:31817): PID: 2 - Desalojado por fin de Quantum

[INFO] 03:51:09:327 kernel.log/(31812:31817): PID: 2 - Estado Anterior: EXEC - Estado Actual: READY
[INFO] 03:51:10:826 kernel.log/(31812:31817): Cola Ready RR: [ 3  1  2 ] 

[INFO] 03:51:11:907 kernel.log/(31812:31817): PID: 3 - Estado Anterior: READY - Estado Actual: EXEC
[INFO] 03:51:12:837 kernel.log/(31812:31812): Comienza el quantum de: 750
[INFO] 03:51:13:586 kernel.log/(31812:31817): PID: 3 - Desalojado por fin de Quantum

[INFO] 03:51:13:961 kernel.log/(31812:31817): PID: 3 - Estado Anterior: EXEC - Estado Actual: READY
[INFO] 03:51:14:412 kernel.log/(31812:31817): Cola Ready RR: [ 1  2  3 ] 

[INFO] 03:51:15:012 kernel.log/(31812:31817): PID: 1 - Estado Anterior: READY - Estado Actual: EXEC
[INFO] 03:51:15:642 kernel.log/(31812:31812): Comienza el quantum de: 750
[INFO] 03:51:16:110 kernel.log/(31812:31817): PID: 1 - Desalojado por fin de Quantum

[INFO] 03:51:18:101 kernel.log/(31812:31817): PID: 1 - Estado Anterior: EXEC - Estado Actual: READY
[INFO] 03:51:20:187 kernel.log/(31812:31817): Cola Ready RR: [ 2  3  1 ] 

[INFO] 03:51:21:222 kernel.log/(31812:31817): PID: 2 - Estado Anterior: READY - Estado Actual: EXEC
[INFO] 03:51:22:257 kernel.log/(31812:31812): Comienza el quantum de: 750
[INFO] 03:51:24:327 kernel.log/(31812:31817): PID: 2 - Desalojado por fin de Quantum

[INFO] 03:51:26:067 kernel.log/(31812:31817): PID: 2 - Estado Anterior: EXEC - Estado Actual: READY
[INFO] 03:51:26:382 kernel.log/(31812:31817): Cola Ready RR: [ 3  1  2 ] 

[INFO] 03:51:26:591 kernel.log/(31812:31817): PID: 3 - Estado Anterior: READY - Estado Actual: EXEC
[INFO] 03:51:27:342 kernel.log/(31812:31812): Comienza el quantum de: 750
[INFO] 03:51:30:522 kernel.log/(31812:31817): PID: 3 - Estado Anterior: EXEC - Estado Actual: BLOCKED_IO_GENERICA
[INFO] 03:51:32:022 kernel.log/(31812:31817): PID: 3 - Bloqueado por: INTERFAZ GENERICA: GENERICA

[INFO] 03:51:32:143 kernel.log/(31812:31817): Cola Bloqueados Interfaz GENERICA, GENERICA: [ 3 ] 

[INFO] 03:51:34:152 kernel.log/(31812:31817): PID: 1 - Estado Anterior: READY - Estado Actual: EXEC
[INFO] 03:51:34:153 kernel.log/(31812:31881): PID: 3 - Estado Anterior: BLOCKED_IO_GENERICA - Estado Actual: READY
[INFO] 03:51:35:681 kernel.log/(31812:31881): Cola Ready RR: [ 2  3 ] 

[INFO] 03:51:38:698 kernel.log/(31812:31812): Comienza el quantum de: 750
[INFO] 03:51:40:497 kernel.log/(31812:31817): PID: 1 - Desalojado por fin de Quantum

[INFO] 03:51:40:841 kernel.log/(31812:31817): PID: 1 - Estado Anterior: EXEC - Estado Actual: READY
[INFO] 03:51:43:931 kernel.log/(31812:31817): Cola Ready RR: [ 2  3  1 ] 

[INFO] 03:51:45:987 kernel.log/(31812:31817): PID: 2 - Estado Anterior: READY - Estado Actual: EXEC
[INFO] 03:51:47:171 kernel.log/(31812:31812): Comienza el quantum de: 750
[INFO] 03:51:48:072 kernel.log/(31812:31817): PID: 2 - Desalojado por fin de Quantum

[INFO] 03:51:48:343 kernel.log/(31812:31817): PID: 2 - Estado Anterior: EXEC - Estado Actual: READY
[INFO] 03:51:48:822 kernel.log/(31812:31817): Cola Ready RR: [ 3  1  2 ] 

[INFO] 03:51:48:867 kernel.log/(31812:31817): PID: 3 - Estado Anterior: READY - Estado Actual: EXEC
[INFO] 03:51:49:198 kernel.log/(31812:31812): Comienza el quantum de: 750
[INFO] 03:51:51:943 kernel.log/(31812:31817): PID: 3 - Estado Anterior: EXEC - Estado Actual: BLOCKED_IO_STDOUT
[INFO] 03:51:51:944 kernel.log/(31812:31817): PID: 3 - Bloqueado por: INTERFAZ STDOUT: MONITOR

[INFO] 03:51:51:944 kernel.log/(31812:31817): Cola Bloqueados Interfaz STDOUT, MONITOR: [ 3 ] 

[INFO] 03:51:51:944 kernel.log/(31812:31817): PID: 1 - Estado Anterior: READY - Estado Actual: EXEC
[INFO] 03:51:51:945 kernel.log/(31812:31812): Comienza el quantum de: 750
[INFO] 03:51:51:946 kernel.log/(31812:32237): PID: 3 - Estado Anterior: BLOCKED_IO_STDOUT - Estado Actual: READY
[INFO] 03:51:51:946 kernel.log/(31812:32237): Cola Ready RR: [ 2  3 ] 

[INFO] 03:51:52:932 kernel.log/(31812:31817): PID: 1 - Desalojado por fin de Quantum

[INFO] 03:51:52:932 kernel.log/(31812:31817): PID: 1 - Estado Anterior: EXEC - Estado Actual: READY
[INFO] 03:51:53:006 kernel.log/(31812:31817): Cola Ready RR: [ 2  3  1 ] 

[INFO] 03:51:53:126 kernel.log/(31812:31817): PID: 2 - Estado Anterior: READY - Estado Actual: EXEC
[INFO] 03:51:53:518 kernel.log/(31812:31812): Comienza el quantum de: 750
[INFO] 03:51:55:149 kernel.log/(31812:31817): PID: 2 - Desalojado por fin de Quantum

[INFO] 03:51:55:467 kernel.log/(31812:31817): PID: 2 - Estado Anterior: EXEC - Estado Actual: READY
[INFO] 03:51:55:782 kernel.log/(31812:31817): Cola Ready RR: [ 3  1  2 ] 

[INFO] 03:51:55:886 kernel.log/(31812:31817): PID: 3 - Estado Anterior: READY - Estado Actual: EXEC
[INFO] 03:51:55:894 kernel.log/(31812:31812): Comienza el quantum de: 750
[INFO] 03:51:56:592 kernel.log/(31812:31817): PID: 3 - Estado Anterior: EXEC - Estado Actual: SALIDA
[INFO] 03:51:56:592 kernel.log/(31812:31812): Salida por I/O o Exit
[INFO] 03:51:56:592 kernel.log/(31812:31817): Finaliza el proceso 3 - Motivo: SUCCESS

[INFO] 03:51:56:593 kernel.log/(31812:31817): PID: 1 - Estado Anterior: READY - Estado Actual: EXEC
[INFO] 03:51:56:712 kernel.log/(31812:31812): Comienza el quantum de: 750
[INFO] 03:51:59:246 kernel.log/(31812:31817): PID: 1 - Estado Anterior: EXEC - Estado Actual: BLOCKED_IO_GENERICA
[INFO] 03:51:59:547 kernel.log/(31812:31817): PID: 1 - Bloqueado por: INTERFAZ GENERICA: GENERICA

[INFO] 03:52:00:387 kernel.log/(31812:31817): Cola Bloqueados Interfaz GENERICA, GENERICA: [ 1 ] 

[INFO] 03:52:00:493 kernel.log/(31812:31817): PID: 2 - Estado Anterior: READY - Estado Actual: EXEC
[INFO] 03:52:01:512 kernel.log/(31812:31881): PID: 1 - Estado Anterior: BLOCKED_IO_GENERICA - Estado Actual: READY
[INFO] 03:52:03:551 kernel.log/(31812:31881): Cola Ready RR: [ 1 ] 

[INFO] 03:52:06:251 kernel.log/(31812:31812): Comienza el quantum de: 750
[INFO] 03:52:07:195 kernel.log/(31812:31817): PID: 2 - Desalojado por fin de Quantum

[INFO] 03:52:07:451 kernel.log/(31812:31817): PID: 2 - Estado Anterior: EXEC - Estado Actual: READY
[INFO] 03:52:08:257 kernel.log/(31812:31817): Cola Ready RR: [ 1  2 ] 

[INFO] 03:52:10:541 kernel.log/(31812:31817): PID: 1 - Estado Anterior: READY - Estado Actual: EXEC
[INFO] 03:52:11:036 kernel.log/(31812:31812): Comienza el quantum de: 750
[INFO] 03:52:11:801 kernel.log/(31812:31817): PID: 1 - Desalojado por fin de Quantum

[INFO] 03:52:12:821 kernel.log/(31812:31817): PID: 1 - Estado Anterior: EXEC - Estado Actual: READY
[INFO] 03:52:13:540 kernel.log/(31812:31817): Cola Ready RR: [ 2  1 ] 

[INFO] 03:52:14:891 kernel.log/(31812:31817): PID: 2 - Estado Anterior: READY - Estado Actual: EXEC
[INFO] 03:52:15:941 kernel.log/(31812:31812): Comienza el quantum de: 750
[INFO] 03:52:17:022 kernel.log/(31812:31817): PID: 2 - Desalojado por fin de Quantum

[INFO] 03:52:18:613 kernel.log/(31812:31817): PID: 2 - Estado Anterior: EXEC - Estado Actual: READY
[INFO] 03:52:18:641 kernel.log/(31812:31817): Cola Ready RR: [ 1  2 ] 

[INFO] 03:52:20:291 kernel.log/(31812:31817): PID: 1 - Estado Anterior: READY - Estado Actual: EXEC
[INFO] 03:52:21:852 kernel.log/(31812:31812): Comienza el quantum de: 750
[INFO] 03:52:22:046 kernel.log/(31812:31817): PID: 1 - Desalojado por fin de Quantum

[INFO] 03:52:23:366 kernel.log/(31812:31817): PID: 1 - Estado Anterior: EXEC - Estado Actual: READY
[INFO] 03:52:24:191 kernel.log/(31812:31817): Cola Ready RR: [ 2  1 ] 

[INFO] 03:52:24:207 kernel.log/(31812:31817): PID: 2 - Estado Anterior: READY - Estado Actual: EXEC
[INFO] 03:52:25:917 kernel.log/(31812:31812): Comienza el quantum de: 750
[INFO] 03:52:27:251 kernel.log/(31812:31817): PID: 2 - Desalojado por fin de Quantum

[INFO] 03:52:28:331 kernel.log/(31812:31817): PID: 2 - Estado Anterior: EXEC - Estado Actual: READY
[INFO] 03:52:29:035 kernel.log/(31812:31817): Cola Ready RR: [ 1  2 ] 

[INFO] 03:52:30:102 kernel.log/(31812:31817): PID: 1 - Estado Anterior: READY - Estado Actual: EXEC
[INFO] 03:52:31:091 kernel.log/(31812:31812): Comienza el quantum de: 750
[INFO] 03:52:32:681 kernel.log/(31812:31817): PID: 1 - Desalojado por fin de Quantum

[INFO] 03:52:33:221 kernel.log/(31812:31817): PID: 1 - Estado Anterior: EXEC - Estado Actual: READY
[INFO] 03:52:34:527 kernel.log/(31812:31817): Cola Ready RR: [ 2  1 ] 

[INFO] 03:52:36:311 kernel.log/(31812:31817): PID: 2 - Estado Anterior: READY - Estado Actual: EXEC
[INFO] 03:52:37:616 kernel.log/(31812:31812): Comienza el quantum de: 750
[INFO] 03:52:39:671 kernel.log/(31812:31817): PID: 2 - Estado Anterior: EXEC - Estado Actual: BLOCKED_IO_GENERICA
[INFO] 03:52:39:687 kernel.log/(31812:31817): PID: 2 - Bloqueado por: INTERFAZ GENERICA: GENERICA

[INFO] 03:52:39:746 kernel.log/(31812:31817): Cola Bloqueados Interfaz GENERICA, GENERICA: [ 2 ] 

[INFO] 03:52:41:651 kernel.log/(31812:31881): PID: 2 - Estado Anterior: BLOCKED_IO_GENERICA - Estado Actual: READY
[INFO] 03:52:43:556 kernel.log/(31812:31817): PID: 1 - Estado Anterior: READY - Estado Actual: EXEC
[INFO] 03:52:43:766 kernel.log/(31812:31881): Cola Ready RR: [ 2 ] 

[INFO] 03:52:46:827 kernel.log/(31812:31812): Comienza el quantum de: 750
[INFO] 03:52:49:990 kernel.log/(31812:31817): PID: 1 - Estado Anterior: EXEC - Estado Actual: BLOCKED_IO_STDOUT
[INFO] 03:52:51:026 kernel.log/(31812:31817): PID: 1 - Bloqueado por: INTERFAZ STDOUT: MONITOR

[INFO] 03:52:51:041 kernel.log/(31812:31817): Cola Bloqueados Interfaz STDOUT, MONITOR: [ 1 ] 

[INFO] 03:52:52:858 kernel.log/(31812:32237): PID: 1 - Estado Anterior: BLOCKED_IO_STDOUT - Estado Actual: READY
[INFO] 03:52:52:858 kernel.log/(31812:32237): Cola Ready RR: [ 2  1 ] 

[INFO] 03:52:54:011 kernel.log/(31812:31817): PID: 2 - Estado Anterior: READY - Estado Actual: EXEC
[INFO] 03:52:54:986 kernel.log/(31812:31812): Comienza el quantum de: 750
[INFO] 03:52:55:871 kernel.log/(31812:31817): PID: 2 - Desalojado por fin de Quantum

[INFO] 03:52:56:066 kernel.log/(31812:31817): PID: 2 - Estado Anterior: EXEC - Estado Actual: READY
[INFO] 03:52:56:245 kernel.log/(31812:31817): Cola Ready RR: [ 1  2 ] 

[INFO] 03:52:56:650 kernel.log/(31812:31817): PID: 1 - Estado Anterior: READY - Estado Actual: EXEC
[INFO] 03:52:57:205 kernel.log/(31812:31812): Comienza el quantum de: 750
[INFO] 03:52:58:662 kernel.log/(31812:31817): PID: 1 - Estado Anterior: EXEC - Estado Actual: SALIDA
[INFO] 03:52:59:442 kernel.log/(31812:31817): Finaliza el proceso 1 - Motivo: SUCCESS

[INFO] 03:52:59:727 kernel.log/(31812:31817): PID: 2 - Estado Anterior: READY - Estado Actual: EXEC
[INFO] 03:53:01:407 kernel.log/(31812:31812): Comienza el quantum de: 750
[INFO] 03:53:03:445 kernel.log/(31812:31817): PID: 2 - Desalojado por fin de Quantum

[INFO] 03:53:04:721 kernel.log/(31812:31817): PID: 2 - Estado Anterior: EXEC - Estado Actual: READY
[INFO] 03:53:05:921 kernel.log/(31812:31817): Cola Ready RR: [ 2 ] 

[INFO] 03:53:06:266 kernel.log/(31812:31817): PID: 2 - Estado Anterior: READY - Estado Actual: EXEC
[INFO] 03:53:06:520 kernel.log/(31812:31812): Comienza el quantum de: 750
[INFO] 03:53:07:315 kernel.log/(31812:31817): PID: 2 - Desalojado por fin de Quantum

[INFO] 03:53:07:976 kernel.log/(31812:31817): PID: 2 - Estado Anterior: EXEC - Estado Actual: READY
[INFO] 03:53:08:591 kernel.log/(31812:31817): Cola Ready RR: [ 2 ] 

[INFO] 03:53:10:481 kernel.log/(31812:31817): PID: 2 - Estado Anterior: READY - Estado Actual: EXEC
[INFO] 03:53:12:745 kernel.log/(31812:31812): Comienza el quantum de: 750
[INFO] 03:53:13:766 kernel.log/(31812:31817): PID: 2 - Desalojado por fin de Quantum

[INFO] 03:53:16:016 kernel.log/(31812:31817): PID: 2 - Estado Anterior: EXEC - Estado Actual: READY
[INFO] 03:53:16:975 kernel.log/(31812:31817): Cola Ready RR: [ 2 ] 

[INFO] 03:53:17:291 kernel.log/(31812:31817): PID: 2 - Estado Anterior: READY - Estado Actual: EXEC
[INFO] 03:53:18:535 kernel.log/(31812:31812): Comienza el quantum de: 750
[INFO] 03:53:21:236 kernel.log/(31812:31817): PID: 2 - Desalojado por fin de Quantum

[INFO] 03:53:22:571 kernel.log/(31812:31817): PID: 2 - Estado Anterior: EXEC - Estado Actual: READY
[INFO] 03:53:22:975 kernel.log/(31812:31817): Cola Ready RR: [ 2 ] 

[INFO] 03:53:24:086 kernel.log/(31812:31817): PID: 2 - Estado Anterior: READY - Estado Actual: EXEC
[INFO] 03:53:24:326 kernel.log/(31812:31812): Comienza el quantum de: 750
[INFO] 03:53:25:135 kernel.log/(31812:31817): PID: 2 - Desalojado por fin de Quantum

[INFO] 03:53:27:191 kernel.log/(31812:31817): PID: 2 - Estado Anterior: EXEC - Estado Actual: READY
[INFO] 03:53:28:226 kernel.log/(31812:31817): Cola Ready RR: [ 2 ] 

[INFO] 03:53:28:330 kernel.log/(31812:31817): PID: 2 - Estado Anterior: READY - Estado Actual: EXEC
[INFO] 03:53:28:840 kernel.log/(31812:31812): Comienza el quantum de: 750
[INFO] 03:53:29:635 kernel.log/(31812:31817): PID: 2 - Desalojado por fin de Quantum

[INFO] 03:53:30:580 kernel.log/(31812:31817): PID: 2 - Estado Anterior: EXEC - Estado Actual: READY
[INFO] 03:53:30:836 kernel.log/(31812:31817): Cola Ready RR: [ 2 ] 

[INFO] 03:53:31:376 kernel.log/(31812:31817): PID: 2 - Estado Anterior: READY - Estado Actual: EXEC
[INFO] 03:53:32:350 kernel.log/(31812:31812): Comienza el quantum de: 750
[INFO] 03:53:33:181 kernel.log/(31812:31817): PID: 2 - Desalojado por fin de Quantum

[INFO] 03:53:34:150 kernel.log/(31812:31817): PID: 2 - Estado Anterior: EXEC - Estado Actual: READY
[INFO] 03:53:34:759 kernel.log/(31812:31817): Cola Ready RR: [ 2 ] 

[INFO] 03:53:35:050 kernel.log/(31812:31817): PID: 2 - Estado Anterior: READY - Estado Actual: EXEC
[INFO] 03:53:36:895 kernel.log/(31812:31812): Comienza el quantum de: 750
[INFO] 03:53:37:825 kernel.log/(31812:31817): PID: 2 - Desalojado por fin de Quantum

[INFO] 03:53:38:574 kernel.log/(31812:31817): PID: 2 - Estado Anterior: EXEC - Estado Actual: READY
[INFO] 03:53:39:266 kernel.log/(31812:31817): Cola Ready RR: [ 2 ] 

[INFO] 03:53:39:355 kernel.log/(31812:31817): PID: 2 - Estado Anterior: READY - Estado Actual: EXEC
[INFO] 03:53:39:745 kernel.log/(31812:31812): Comienza el quantum de: 750
[INFO] 03:53:40:494 kernel.log/(31812:31817): PID: 2 - Desalojado por fin de Quantum

[INFO] 03:53:40:646 kernel.log/(31812:31817): PID: 2 - Estado Anterior: EXEC - Estado Actual: READY
[INFO] 03:53:42:311 kernel.log/(31812:31817): Cola Ready RR: [ 2 ] 

[INFO] 03:53:42:430 kernel.log/(31812:31817): PID: 2 - Estado Anterior: READY - Estado Actual: EXEC
[INFO] 03:53:44:125 kernel.log/(31812:31812): Comienza el quantum de: 750
[INFO] 03:53:45:013 kernel.log/(31812:31817): PID: 2 - Desalojado por fin de Quantum

[INFO] 03:53:45:484 kernel.log/(31812:31817): PID: 2 - Estado Anterior: EXEC - Estado Actual: READY
[INFO] 03:53:45:611 kernel.log/(31812:31817): Cola Ready RR: [ 2 ] 

[INFO] 03:53:45:970 kernel.log/(31812:31817): PID: 2 - Estado Anterior: READY - Estado Actual: EXEC
[INFO] 03:53:46:825 kernel.log/(31812:31812): Comienza el quantum de: 750
[INFO] 03:53:47:755 kernel.log/(31812:31817): PID: 2 - Desalojado por fin de Quantum

[INFO] 03:53:48:206 kernel.log/(31812:31817): PID: 2 - Estado Anterior: EXEC - Estado Actual: READY
[INFO] 03:53:48:311 kernel.log/(31812:31817): Cola Ready RR: [ 2 ] 

[INFO] 03:53:48:476 kernel.log/(31812:31817): PID: 2 - Estado Anterior: READY - Estado Actual: EXEC
[INFO] 03:53:48:792 kernel.log/(31812:31812): Comienza el quantum de: 750
[INFO] 03:53:49:615 kernel.log/(31812:31817): PID: 2 - Estado Anterior: EXEC - Estado Actual: BLOCKED_IO_GENERICA
[INFO] 03:53:49:945 kernel.log/(31812:31817): PID: 2 - Bloqueado por: INTERFAZ GENERICA: GENERICA

[INFO] 03:53:50:363 kernel.log/(31812:31817): Cola Bloqueados Interfaz GENERICA, GENERICA: [ 2 ] 

[INFO] 03:53:51:010 kernel.log/(31812:31881): PID: 2 - Estado Anterior: BLOCKED_IO_GENERICA - Estado Actual: READY
[INFO] 03:53:51:146 kernel.log/(31812:31881): Cola Ready RR: [ 2 ] 

[INFO] 03:53:52:015 kernel.log/(31812:31817): PID: 2 - Estado Anterior: READY - Estado Actual: EXEC
[INFO] 03:53:52:601 kernel.log/(31812:31812): Comienza el quantum de: 750
[INFO] 03:53:54:490 kernel.log/(31812:31817): PID: 2 - Desalojado por fin de Quantum

[INFO] 03:53:54:776 kernel.log/(31812:31817): PID: 2 - Estado Anterior: EXEC - Estado Actual: READY
[INFO] 03:53:54:911 kernel.log/(31812:31817): Cola Ready RR: [ 2 ] 

[INFO] 03:53:55:254 kernel.log/(31812:31817): PID: 2 - Estado Anterior: READY - Estado Actual: EXEC
[INFO] 03:53:55:616 kernel.log/(31812:31812): Comienza el quantum de: 750
[INFO] 03:53:55:930 kernel.log/(31812:31817): PID: 2 - Desalojado por fin de Quantum

[INFO] 03:53:56:500 kernel.log/(31812:31817): PID: 2 - Estado Anterior: EXEC - Estado Actual: READY
[INFO] 03:53:56:845 kernel.log/(31812:31817): Cola Ready RR: [ 2 ] 

[INFO] 03:53:57:146 kernel.log/(31812:31817): PID: 2 - Estado Anterior: READY - Estado Actual: EXEC
[INFO] 03:53:57:551 kernel.log/(31812:31812): Comienza el quantum de: 750
[INFO] 03:53:58:571 kernel.log/(31812:31817): PID: 2 - Desalojado por fin de Quantum

[INFO] 03:53:59:350 kernel.log/(31812:31817): PID: 2 - Estado Anterior: EXEC - Estado Actual: READY
[INFO] 03:53:59:890 kernel.log/(31812:31817): Cola Ready RR: [ 2 ] 

[INFO] 03:54:00:896 kernel.log/(31812:31817): PID: 2 - Estado Anterior: READY - Estado Actual: EXEC
[INFO] 03:54:01:809 kernel.log/(31812:31812): Comienza el quantum de: 750
[INFO] 03:54:02:823 kernel.log/(31812:31817): PID: 2 - Desalojado por fin de Quantum

[INFO] 03:54:03:010 kernel.log/(31812:31817): PID: 2 - Estado Anterior: EXEC - Estado Actual: READY
[INFO] 03:54:03:371 kernel.log/(31812:31817): Cola Ready RR: [ 2 ] 

[INFO] 03:54:03:609 kernel.log/(31812:31817): PID: 2 - Estado Anterior: READY - Estado Actual: EXEC
[INFO] 03:54:04:195 kernel.log/(31812:31812): Comienza el quantum de: 750
[INFO] 03:54:04:705 kernel.log/(31812:31817): PID: 2 - Desalojado por fin de Quantum

[INFO] 03:54:05:439 kernel.log/(31812:31817): PID: 2 - Estado Anterior: EXEC - Estado Actual: READY
[INFO] 03:54:07:390 kernel.log/(31812:31817): Cola Ready RR: [ 2 ] 

[INFO] 03:54:11:860 kernel.log/(31812:31817): PID: 2 - Estado Anterior: READY - Estado Actual: EXEC
[INFO] 03:54:13:123 kernel.log/(31812:31812): Comienza el quantum de: 750
[INFO] 03:54:13:946 kernel.log/(31812:31817): PID: 2 - Desalojado por fin de Quantum

[INFO] 03:54:14:830 kernel.log/(31812:31817): PID: 2 - Estado Anterior: EXEC - Estado Actual: READY
[INFO] 03:54:15:310 kernel.log/(31812:31817): Cola Ready RR: [ 2 ] 

[INFO] 03:54:16:390 kernel.log/(31812:31817): PID: 2 - Estado Anterior: READY - Estado Actual: EXEC
[INFO] 03:54:17:119 kernel.log/(31812:31812): Comienza el quantum de: 750
[INFO] 03:54:17:784 kernel.log/(31812:31817): PID: 2 - Desalojado por fin de Quantum

[INFO] 03:54:18:175 kernel.log/(31812:31817): PID: 2 - Estado Anterior: EXEC - Estado Actual: READY
[INFO] 03:54:18:805 kernel.log/(31812:31817): Cola Ready RR: [ 2 ] 

[INFO] 03:54:19:330 kernel.log/(31812:31817): PID: 2 - Estado Anterior: READY - Estado Actual: EXEC
[INFO] 03:54:20:620 kernel.log/(31812:31812): Comienza el quantum de: 750
[INFO] 03:54:21:969 kernel.log/(31812:31817): PID: 2 - Desalojado por fin de Quantum

[INFO] 03:54:23:739 kernel.log/(31812:31817): PID: 2 - Estado Anterior: EXEC - Estado Actual: READY
[INFO] 03:54:23:949 kernel.log/(31812:31817): Cola Ready RR: [ 2 ] 

[INFO] 03:54:24:130 kernel.log/(31812:31817): PID: 2 - Estado Anterior: READY - Estado Actual: EXEC
[INFO] 03:54:24:535 kernel.log/(31812:31812): Comienza el quantum de: 750
[INFO] 03:54:26:470 kernel.log/(31812:31817): PID: 2 - Desalojado por fin de Quantum

[INFO] 03:54:27:145 kernel.log/(31812:31817): PID: 2 - Estado Anterior: EXEC - Estado Actual: READY
[INFO] 03:54:28:825 kernel.log/(31812:31817): Cola Ready RR: [ 2 ] 

[INFO] 03:54:28:839 kernel.log/(31812:31817): PID: 2 - Estado Anterior: READY - Estado Actual: EXEC
[INFO] 03:54:29:200 kernel.log/(31812:31812): Comienza el quantum de: 750
[INFO] 03:54:30:235 kernel.log/(31812:31817): PID: 2 - Desalojado por fin de Quantum

[INFO] 03:54:33:535 kernel.log/(31812:31817): PID: 2 - Estado Anterior: EXEC - Estado Actual: READY
[INFO] 03:54:34:374 kernel.log/(31812:31817): Cola Ready RR: [ 2 ] 

[INFO] 03:54:35:020 kernel.log/(31812:31817): PID: 2 - Estado Anterior: READY - Estado Actual: EXEC
[INFO] 03:54:37:375 kernel.log/(31812:31812): Comienza el quantum de: 750
[INFO] 03:54:39:100 kernel.log/(31812:31817): PID: 2 - Desalojado por fin de Quantum

[INFO] 03:54:40:586 kernel.log/(31812:31817): PID: 2 - Estado Anterior: EXEC - Estado Actual: READY
[INFO] 03:54:42:117 kernel.log/(31812:31817): Cola Ready RR: [ 2 ] 

[INFO] 03:54:42:669 kernel.log/(31812:31817): PID: 2 - Estado Anterior: READY - Estado Actual: EXEC
[INFO] 03:54:45:068 kernel.log/(31812:31812): Comienza el quantum de: 750
[INFO] 03:54:45:969 kernel.log/(31812:31817): PID: 2 - Desalojado por fin de Quantum

[INFO] 03:54:46:584 kernel.log/(31812:31817): PID: 2 - Estado Anterior: EXEC - Estado Actual: READY
[INFO] 03:54:46:854 kernel.log/(31812:31817): Cola Ready RR: [ 2 ] 

[INFO] 03:54:47:035 kernel.log/(31812:31817): PID: 2 - Estado Anterior: READY - Estado Actual: EXEC
[INFO] 03:54:48:819 kernel.log/(31812:31812): Comienza el quantum de: 750
[INFO] 03:54:49:929 kernel.log/(31812:31817): PID: 2 - Estado Anterior: EXEC - Estado Actual: BLOCKED_IO_GENERICA
[INFO] 03:54:50:830 kernel.log/(31812:31817): PID: 2 - Bloqueado por: INTERFAZ GENERICA: GENERICA

[INFO] 03:54:52:194 kernel.log/(31812:31817): Cola Bloqueados Interfaz GENERICA, GENERICA: [ 2 ] 

[INFO] 03:54:52:944 kernel.log/(31812:31881): PID: 2 - Estado Anterior: BLOCKED_IO_GENERICA - Estado Actual: READY
[INFO] 03:54:53:335 kernel.log/(31812:31881): Cola Ready RR: [ 2 ] 

[INFO] 03:54:53:663 kernel.log/(31812:31817): PID: 2 - Estado Anterior: READY - Estado Actual: EXEC
[INFO] 03:54:53:663 kernel.log/(31812:31812): Comienza el quantum de: 750
[INFO] 03:54:54:412 kernel.log/(31812:31817): PID: 2 - Desalojado por fin de Quantum

[INFO] 03:54:54:811 kernel.log/(31812:31817): PID: 2 - Estado Anterior: EXEC - Estado Actual: READY
[INFO] 03:54:54:811 kernel.log/(31812:31817): Cola Ready RR: [ 2 ] 

[INFO] 03:54:55:740 kernel.log/(31812:31817): PID: 2 - Estado Anterior: READY - Estado Actual: EXEC
[INFO] 03:54:57:069 kernel.log/(31812:31812): Comienza el quantum de: 750
[INFO] 03:54:57:868 kernel.log/(31812:31817): PID: 2 - Desalojado por fin de Quantum

[INFO] 03:54:59:214 kernel.log/(31812:31817): PID: 2 - Estado Anterior: EXEC - Estado Actual: READY
[INFO] 03:54:59:812 kernel.log/(31812:31817): Cola Ready RR: [ 2 ] 

[INFO] 03:54:59:812 kernel.log/(31812:31817): PID: 2 - Estado Anterior: READY - Estado Actual: EXEC
[INFO] 03:55:00:294 kernel.log/(31812:31812): Comienza el quantum de: 750
[INFO] 03:55:00:626 kernel.log/(31812:31817): PID: 2 - Desalojado por fin de Quantum

[INFO] 03:55:00:654 kernel.log/(31812:31817): PID: 2 - Estado Anterior: EXEC - Estado Actual: READY
[INFO] 03:55:00:941 kernel.log/(31812:31817): Cola Ready RR: [ 2 ] 

[INFO] 03:55:01:645 kernel.log/(31812:31817): PID: 2 - Estado Anterior: READY - Estado Actual: EXEC
[INFO] 03:55:02:619 kernel.log/(31812:31812): Comienza el quantum de: 750
[INFO] 03:55:03:368 kernel.log/(31812:31817): PID: 2 - Desalojado por fin de Quantum

[INFO] 03:55:06:357 kernel.log/(31812:31817): PID: 2 - Estado Anterior: EXEC - Estado Actual: READY
[INFO] 03:55:08:274 kernel.log/(31812:31817): Cola Ready RR: [ 2 ] 

[INFO] 03:55:08:499 kernel.log/(31812:31817): PID: 2 - Estado Anterior: READY - Estado Actual: EXEC
[INFO] 03:55:08:873 kernel.log/(31812:31812): Comienza el quantum de: 750
[INFO] 03:55:09:106 kernel.log/(31812:31817): PID: 2 - Desalojado por fin de Quantum

[INFO] 03:55:09:106 kernel.log/(31812:31817): PID: 2 - Estado Anterior: EXEC - Estado Actual: READY
[INFO] 03:55:09:107 kernel.log/(31812:31817): Cola Ready RR: [ 2 ] 

[INFO] 03:55:09:107 kernel.log/(31812:31817): PID: 2 - Estado Anterior: READY - Estado Actual: EXEC
[INFO] 03:55:14:049 kernel.log/(31812:31812): Comienza el quantum de: 750
[INFO] 03:55:14:800 kernel.log/(31812:31817): PID: 2 - Desalojado por fin de Quantum

[INFO] 03:55:14:812 kernel.log/(31812:31817): PID: 2 - Estado Anterior: EXEC - Estado Actual: READY
[INFO] 03:55:14:812 kernel.log/(31812:31817): Cola Ready RR: [ 2 ] 

[INFO] 03:55:14:812 kernel.log/(31812:31817): PID: 2 - Estado Anterior: READY - Estado Actual: EXEC
[INFO] 03:55:17:679 kernel.log/(31812:31812): Comienza el quantum de: 750
[INFO] 03:55:18:793 kernel.log/(31812:31817): PID: 2 - Desalojado por fin de Quantum

[INFO] 03:55:18:793 kernel.log/(31812:31817): PID: 2 - Estado Anterior: EXEC - Estado Actual: READY
[INFO] 03:55:19:554 kernel.log/(31812:31817): Cola Ready RR: [ 2 ] 

[INFO] 03:55:19:600 kernel.log/(31812:31817): PID: 2 - Estado Anterior: READY - Estado Actual: EXEC
[INFO] 03:55:19:721 kernel.log/(31812:31812): Comienza el quantum de: 750
[INFO] 03:55:20:470 kernel.log/(31812:31817): PID: 2 - Desalojado por fin de Quantum

[INFO] 03:55:22:644 kernel.log/(31812:31817): PID: 2 - Estado Anterior: EXEC - Estado Actual: READY
[INFO] 03:55:23:768 kernel.log/(31812:31817): Cola Ready RR: [ 2 ] 

[INFO] 03:55:24:486 kernel.log/(31812:31817): PID: 2 - Estado Anterior: READY - Estado Actual: EXEC
[INFO] 03:55:27:168 kernel.log/(31812:31812): Comienza el quantum de: 750
[INFO] 03:55:28:662 kernel.log/(31812:31817): PID: 2 - Desalojado por fin de Quantum

[INFO] 03:55:30:475 kernel.log/(31812:31817): PID: 2 - Estado Anterior: EXEC - Estado Actual: READY
[INFO] 03:55:30:968 kernel.log/(31812:31817): Cola Ready RR: [ 2 ] 

[INFO] 03:55:31:088 kernel.log/(31812:31817): PID: 2 - Estado Anterior: READY - Estado Actual: EXEC
[INFO] 03:55:31:269 kernel.log/(31812:31812): Comienza el quantum de: 750
[INFO] 03:55:32:094 kernel.log/(31812:31817): PID: 2 - Desalojado por fin de Quantum

[INFO] 03:55:32:169 kernel.log/(31812:31817): PID: 2 - Estado Anterior: EXEC - Estado Actual: READY
[INFO] 03:55:35:856 kernel.log/(31812:31817): Cola Ready RR: [ 2 ] 

[INFO] 03:55:41:476 kernel.log/(31812:31817): PID: 2 - Estado Anterior: READY - Estado Actual: EXEC
[INFO] 03:55:44:116 kernel.log/(31812:31812): Comienza el quantum de: 750
[INFO] 03:55:48:651 kernel.log/(31812:31817): PID: 2 - Desalojado por fin de Quantum

[INFO] 03:55:51:337 kernel.log/(31812:31817): PID: 2 - Estado Anterior: EXEC - Estado Actual: READY
[INFO] 03:55:51:803 kernel.log/(31812:31817): Cola Ready RR: [ 2 ] 

[INFO] 03:55:51:884 kernel.log/(31812:31817): PID: 2 - Estado Anterior: READY - Estado Actual: EXEC
[INFO] 03:55:51:995 kernel.log/(31812:31812): Comienza el quantum de: 750
[INFO] 03:55:52:879 kernel.log/(31812:31817): PID: 2 - Estado Anterior: EXEC - Estado Actual: BLOCKED_IO_GENERICA
[INFO] 03:55:52:888 kernel.log/(31812:31817): PID: 2 - Bloqueado por: INTERFAZ GENERICA: GENERICA

[INFO] 03:55:52:925 kernel.log/(31812:31817): Cola Bloqueados Interfaz GENERICA, GENERICA: [ 2 ] 

[INFO] 03:55:53:205 kernel.log/(31812:31881): PID: 2 - Estado Anterior: BLOCKED_IO_GENERICA - Estado Actual: READY
[INFO] 03:55:53:205 kernel.log/(31812:31881): Cola Ready RR: [ 2 ] 

[INFO] 03:55:53:212 kernel.log/(31812:31817): PID: 2 - Estado Anterior: READY - Estado Actual: EXEC
[INFO] 03:55:53:239 kernel.log/(31812:31812): Comienza el quantum de: 750
[INFO] 03:55:56:492 kernel.log/(31812:31817): PID: 2 - Desalojado por fin de Quantum

[INFO] 03:55:58:567 kernel.log/(31812:31817): PID: 2 - Estado Anterior: EXEC - Estado Actual: READY
[INFO] 03:56:00:489 kernel.log/(31812:31817): Cola Ready RR: [ 2 ] 

[INFO] 03:56:00:489 kernel.log/(31812:31817): PID: 2 - Estado Anterior: READY - Estado Actual: EXEC
[INFO] 03:56:00:490 kernel.log/(31812:31812): Comienza el quantum de: 750
[INFO] 03:56:01:240 kernel.log/(31812:31817): PID: 2 - Estado Anterior: EXEC - Estado Actual: BLOCKED_IO_GENERICA
[INFO] 03:56:01:658 kernel.log/(31812:31817): PID: 2 - Bloqueado por: INTERFAZ GENERICA: GENERICA

[INFO] 03:56:01:914 kernel.log/(31812:31817): Cola Bloqueados Interfaz GENERICA, GENERICA: [ 2 ] 

[INFO] 03:56:02:276 kernel.log/(31812:31881): PID: 2 - Estado Anterior: BLOCKED_IO_GENERICA - Estado Actual: READY
[INFO] 03:56:02:276 kernel.log/(31812:31881): Cola Ready RR: [ 2 ] 

[INFO] 03:56:02:453 kernel.log/(31812:31817): PID: 2 - Estado Anterior: READY - Estado Actual: EXEC
[INFO] 03:56:03:863 kernel.log/(31812:31812): Comienza el quantum de: 750
[INFO] 03:56:04:602 kernel.log/(31812:31817): PID: 2 - Desalojado por fin de Quantum

[INFO] 03:56:04:659 kernel.log/(31812:31817): PID: 2 - Estado Anterior: EXEC - Estado Actual: READY
[INFO] 03:56:04:689 kernel.log/(31812:31817): Cola Ready RR: [ 2 ] 

[INFO] 03:56:04:718 kernel.log/(31812:31817): PID: 2 - Estado Anterior: READY - Estado Actual: EXEC
[INFO] 03:56:05:221 kernel.log/(31812:31812): Comienza el quantum de: 750
[INFO] 03:56:06:729 kernel.log/(31812:31817): PID: 2 - Desalojado por fin de Quantum

[INFO] 03:56:06:729 kernel.log/(31812:31817): PID: 2 - Estado Anterior: EXEC - Estado Actual: READY
[INFO] 03:56:06:729 kernel.log/(31812:31817): Cola Ready RR: [ 2 ] 

[INFO] 03:56:06:818 kernel.log/(31812:31817): PID: 2 - Estado Anterior: READY - Estado Actual: EXEC
[INFO] 03:56:06:879 kernel.log/(31812:31812): Comienza el quantum de: 750
[INFO] 03:56:07:016 kernel.log/(31812:31817): PID: 2 - Desalojado por fin de Quantum

[INFO] 03:56:07:139 kernel.log/(31812:31817): PID: 2 - Estado Anterior: EXEC - Estado Actual: READY
[INFO] 03:56:07:433 kernel.log/(31812:31817): Cola Ready RR: [ 2 ] 

[INFO] 03:56:07:958 kernel.log/(31812:31817): PID: 2 - Estado Anterior: READY - Estado Actual: EXEC
[INFO] 03:56:09:370 kernel.log/(31812:31812): Comienza el quantum de: 750
[INFO] 03:56:10:134 kernel.log/(31812:31817): PID: 2 - Desalojado por fin de Quantum

[INFO] 03:56:10:659 kernel.log/(31812:31817): PID: 2 - Estado Anterior: EXEC - Estado Actual: READY
[INFO] 03:56:11:273 kernel.log/(31812:31817): Cola Ready RR: [ 2 ] 

[INFO] 03:56:11:705 kernel.log/(31812:31817): PID: 2 - Estado Anterior: READY - Estado Actual: EXEC
[INFO] 03:56:12:383 kernel.log/(31812:31812): Comienza el quantum de: 750
[INFO] 03:56:13:132 kernel.log/(31812:31817): PID: 2 - Desalojado por fin de Quantum

[INFO] 03:56:13:224 kernel.log/(31812:31817): PID: 2 - Estado Anterior: EXEC - Estado Actual: READY
[INFO] 03:56:13:224 kernel.log/(31812:31817): Cola Ready RR: [ 2 ] 

[INFO] 03:56:14:589 kernel.log/(31812:31817): PID: 2 - Estado Anterior: READY - Estado Actual: EXEC
[INFO] 03:56:14:963 kernel.log/(31812:31812): Comienza el quantum de: 750
[INFO] 03:56:15:743 kernel.log/(31812:31817): PID: 2 - Desalojado por fin de Quantum

[INFO] 03:56:17:700 kernel.log/(31812:31817): PID: 2 - Estado Anterior: EXEC - Estado Actual: READY
[INFO] 03:56:19:448 kernel.log/(31812:31817): Cola Ready RR: [ 2 ] 

[INFO] 03:56:21:631 kernel.log/(31812:31817): PID: 2 - Estado Anterior: READY - Estado Actual: EXEC
[INFO] 03:56:22:967 kernel.log/(31812:31812): Comienza el quantum de: 750
[INFO] 03:56:25:801 kernel.log/(31812:31817): PID: 2 - Desalojado por fin de Quantum

[INFO] 03:56:25:869 kernel.log/(31812:31817): PID: 2 - Estado Anterior: EXEC - Estado Actual: READY
[INFO] 03:56:26:514 kernel.log/(31812:31817): Cola Ready RR: [ 2 ] 

[INFO] 03:56:26:663 kernel.log/(31812:31817): PID: 2 - Estado Anterior: READY - Estado Actual: EXEC
[INFO] 03:56:26:798 kernel.log/(31812:31812): Comienza el quantum de: 750
[INFO] 03:56:27:338 kernel.log/(31812:31817): PID: 2 - Desalojado por fin de Quantum

[INFO] 03:56:27:339 kernel.log/(31812:31817): PID: 2 - Estado Anterior: EXEC - Estado Actual: READY
[INFO] 03:56:30:044 kernel.log/(31812:31817): Cola Ready RR: [ 2 ] 

[INFO] 03:56:33:772 kernel.log/(31812:31817): PID: 2 - Estado Anterior: READY - Estado Actual: EXEC
[INFO] 03:56:35:859 kernel.log/(31812:31812): Comienza el quantum de: 750
[INFO] 03:56:36:609 kernel.log/(31812:31817): PID: 2 - Desalojado por fin de Quantum

[INFO] 03:56:36:923 kernel.log/(31812:31817): PID: 2 - Estado Anterior: EXEC - Estado Actual: READY
[INFO] 03:56:37:260 kernel.log/(31812:31817): Cola Ready RR: [ 2 ] 

[INFO] 03:56:37:552 kernel.log/(31812:31817): PID: 2 - Estado Anterior: READY - Estado Actual: EXEC
[INFO] 03:56:37:733 kernel.log/(31812:31812): Comienza el quantum de: 750
[INFO] 03:56:38:304 kernel.log/(31812:31817): PID: 2 - Desalojado por fin de Quantum

[INFO] 03:56:39:638 kernel.log/(31812:31817): PID: 2 - Estado Anterior: EXEC - Estado Actual: READY
[INFO] 03:56:39:683 kernel.log/(31812:31817): Cola Ready RR: [ 2 ] 

[INFO] 03:56:39:683 kernel.log/(31812:31817): PID: 2 - Estado Anterior: READY - Estado Actual: EXEC
[INFO] 03:56:40:913 kernel.log/(31812:31812): Comienza el quantum de: 750
[INFO] 03:56:41:031 kernel.log/(31812:31817): PID: 2 - Desalojado por fin de Quantum

[INFO] 03:56:41:031 kernel.log/(31812:31817): PID: 2 - Estado Anterior: EXEC - Estado Actual: READY
[INFO] 03:56:41:032 kernel.log/(31812:31817): Cola Ready RR: [ 2 ] 

[INFO] 03:56:41:032 kernel.log/(31812:31817): PID: 2 - Estado Anterior: READY - Estado Actual: EXEC
[INFO] 03:56:41:663 kernel.log/(31812:31812): Comienza el quantum de: 750
[INFO] 03:56:41:787 kernel.log/(31812:31817): PID: 2 - Desalojado por fin de Quantum

[INFO] 03:56:41:787 kernel.log/(31812:31817): PID: 2 - Estado Anterior: EXEC - Estado Actual: READY
[INFO] 03:56:41:788 kernel.log/(31812:31817): Cola Ready RR: [ 2 ] 

[INFO] 03:56:41:788 kernel.log/(31812:31817): PID: 2 - Estado Anterior: READY - Estado Actual: EXEC
[INFO] 03:56:42:412 kernel.log/(31812:31812): Comienza el quantum de: 750
[INFO] 03:56:42:525 kernel.log/(31812:31817): PID: 2 - Desalojado por fin de Quantum

[INFO] 03:56:42:525 kernel.log/(31812:31817): PID: 2 - Estado Anterior: EXEC - Estado Actual: READY
[INFO] 03:56:42:525 kernel.log/(31812:31817): Cola Ready RR: [ 2 ] 

[INFO] 03:56:42:525 kernel.log/(31812:31817): PID: 2 - Estado Anterior: READY - Estado Actual: EXEC
[INFO] 03:56:43:161 kernel.log/(31812:31812): Comienza el quantum de: 750
[INFO] 03:56:43:272 kernel.log/(31812:31817): PID: 2 - Desalojado por fin de Quantum

[INFO] 03:56:43:272 kernel.log/(31812:31817): PID: 2 - Estado Anterior: EXEC - Estado Actual: READY
[INFO] 03:56:43:272 kernel.log/(31812:31817): Cola Ready RR: [ 2 ] 

[INFO] 03:56:43:272 kernel.log/(31812:31817): PID: 2 - Estado Anterior: READY - Estado Actual: EXEC
[INFO] 03:56:43:910 kernel.log/(31812:31812): Comienza el quantum de: 750
[INFO] 03:56:44:014 kernel.log/(31812:31817): PID: 2 - Estado Anterior: EXEC - Estado Actual: BLOCKED_IO_STDOUT
[INFO] 03:56:44:014 kernel.log/(31812:31817): PID: 2 - Bloqueado por: INTERFAZ STDOUT: MONITOR

[INFO] 03:56:44:014 kernel.log/(31812:31817): Cola Bloqueados Interfaz STDOUT, MONITOR: [ 2 ] 

[INFO] 03:56:44:014 kernel.log/(31812:31812): Salida por I/O o Exit
[INFO] 03:56:44:496 kernel.log/(31812:32237): PID: 2 - Estado Anterior: BLOCKED_IO_STDOUT - Estado Actual: READY
[INFO] 03:56:44:918 kernel.log/(31812:32237): Cola Ready RR: [ 2 ] 

[INFO] 03:56:47:872 kernel.log/(31812:31817): PID: 2 - Estado Anterior: READY - Estado Actual: EXEC
[INFO] 03:56:47:872 kernel.log/(31812:31812): Comienza el quantum de: 750
[INFO] 03:56:47:979 kernel.log/(31812:31817): PID: 2 - Estado Anterior: EXEC - Estado Actual: SALIDA
[INFO] 03:56:47:980 kernel.log/(31812:31817): Finaliza el proceso 2 - Motivo: SUCCESS

[INFO] 03:56:47:980 kernel.log/(31812:31812): Salida por I/O o Exit
