[INFO] 03:45:30:511 memoria.log/(31642:31814): Estructuras creadas en memoria exitosamente

[INFO] 03:45:30:629 memoria.log/(31642:31814): Estructuras creadas en memoria exitosamente

[INFO] 03:45:32:011 memoria.log/(31642:31814): Estructuras creadas en memoria exitosamente

[INFO] 03:45:38:553 memoria.log/(31642:31728): PID: 1 - TAMAÑO ACTUAL: 0 - TAMAÑO A AUMENTAR: 128
[INFO] 03:45:38:554 memoria.log/(31642:31728): Agregando paginas - PID: 1 - Tamaño: 8 marcos
[INFO] 03:45:38:659 memoria.log/(31642:31728): Acceso a tabla de páginas: PID: 1 - Página: 1 - Marco: 1

[INFO] 03:45:38:663 memoria.log/(31642:31728): Acceso a tabla de páginas: PID: 1 - Página: 2 - Marco: 2

[INFO] 03:45:41:936 memoria.log/(31642:31728): PID: 2 - TAMAÑO ACTUAL: 0 - TAMAÑO A AUMENTAR: 40
[INFO] 03:45:41:936 memoria.log/(31642:31728): Agregando paginas - PID: 2 - Tamaño: 3 marcos
[INFO] 03:46:14:370 memoria.log/(31642:31728): PID: 3 - TAMAÑO ACTUAL: 0 - TAMAÑO A AUMENTAR: 64
[INFO] 03:46:14:371 memoria.log/(31642:31728): Agregando paginas - PID: 3 - Tamaño: 4 marcos
[INFO] 03:46:15:408 memoria.log/(31642:31728): Acceso a tabla de páginas: PID: 2 - Página: 0 - Marco: 8

[INFO] 03:46:15:412 memoria.log/(31642:31728): ACCESO A ESPACIO USUARIO - PID 2 - ACCION: ESCRITURA EN MEMORIA - DIRECCION FISICA: 128 - TAMAÑO: 1
[INFO] 03:46:16:977 memoria.log/(31642:31728): Acceso a tabla de páginas: PID: 3 - Página: 0 - Marco: 11

[INFO] 03:46:16:977 memoria.log/(31642:31728): Acceso a tabla de páginas: PID: 3 - Página: 1 - Marco: 12

[INFO] 03:46:37:438 memoria.log/(31642:31728): Acceso a tabla de páginas: PID: 2 - Página: 0 - Marco: 8

[INFO] 03:46:37:439 memoria.log/(31642:31728): ACCESO A ESPACIO USUARIO - PID 2 - ACCION: ESCRITURA EN MEMORIA - DIRECCION FISICA: 129 - TAMAÑO: 1
[INFO] 03:46:47:303 memoria.log/(31642:31728): Acceso a tabla de páginas: PID: 2 - Página: 0 - Marco: 8

[INFO] 03:46:47:307 memoria.log/(31642:31728): ACCESO A ESPACIO USUARIO - PID 2 - ACCION: ESCRITURA EN MEMORIA - DIRECCION FISICA: 130 - TAMAÑO: 1
[INFO] 03:47:01:151 memoria.log/(31642:31728): Acceso a tabla de páginas: PID: 2 - Página: 0 - Marco: 8

[INFO] 03:47:01:151 memoria.log/(31642:31728): ACCESO A ESPACIO USUARIO - PID 2 - ACCION: ESCRITURA EN MEMORIA - DIRECCION FISICA: 131 - TAMAÑO: 1
[INFO] 03:47:09:690 memoria.log/(31642:31728): Acceso a tabla de páginas: PID: 2 - Página: 0 - Marco: 8

[INFO] 03:47:09:691 memoria.log/(31642:31728): ACCESO A ESPACIO USUARIO - PID 2 - ACCION: ESCRITURA EN MEMORIA - DIRECCION FISICA: 132 - TAMAÑO: 1
[INFO] 03:47:24:799 memoria.log/(31642:31728): Acceso a tabla de páginas: PID: 2 - Página: 0 - Marco: 8

[INFO] 03:47:24:815 memoria.log/(31642:31728): ACCESO A ESPACIO USUARIO - PID 2 - ACCION: ESCRITURA EN MEMORIA - DIRECCION FISICA: 133 - TAMAÑO: 1
[INFO] 03:47:38:126 memoria.log/(31642:31728): Acceso a tabla de páginas: PID: 2 - Página: 0 - Marco: 8

[INFO] 03:47:38:127 memoria.log/(31642:31728): ACCESO A ESPACIO USUARIO - PID 2 - ACCION: ESCRITURA EN MEMORIA - DIRECCION FISICA: 134 - TAMAÑO: 1
[INFO] 03:47:56:924 memoria.log/(31642:31728): Acceso a tabla de páginas: PID: 2 - Página: 0 - Marco: 8

[INFO] 03:47:56:927 memoria.log/(31642:31728): ACCESO A ESPACIO USUARIO - PID 2 - ACCION: ESCRITURA EN MEMORIA - DIRECCION FISICA: 135 - TAMAÑO: 1
[INFO] 03:48:13:557 memoria.log/(31642:31728): Acceso a tabla de páginas: PID: 2 - Página: 0 - Marco: 8

[INFO] 03:48:13:558 memoria.log/(31642:31728): ACCESO A ESPACIO USUARIO - PID 2 - ACCION: ESCRITURA EN MEMORIA - DIRECCION FISICA: 136 - TAMAÑO: 1
[INFO] 03:48:28:886 memoria.log/(31642:31728): Acceso a tabla de páginas: PID: 2 - Página: 0 - Marco: 8

[INFO] 03:48:28:886 memoria.log/(31642:31728): ACCESO A ESPACIO USUARIO - PID 2 - ACCION: ESCRITURA EN MEMORIA - DIRECCION FISICA: 137 - TAMAÑO: 1
[INFO] 03:48:39:693 memoria.log/(31642:31903): ACCESO A ESPACIO USUARIO - PID 1 - ACCION: ESCRITURA EN MEMORIA - DIRECCION FISICA: 16 - TAMAÑO: 16
[INFO] 03:48:39:693 memoria.log/(31642:31903): ACCESO A ESPACIO USUARIO - PID 1 - ACCION: ESCRITURA EN MEMORIA - DIRECCION FISICA: 32 - TAMAÑO: 4
[INFO] 03:48:52:255 memoria.log/(31642:31728): Acceso a tabla de páginas: PID: 2 - Página: 0 - Marco: 8

[INFO] 03:48:52:256 memoria.log/(31642:31728): ACCESO A ESPACIO USUARIO - PID 2 - ACCION: ESCRITURA EN MEMORIA - DIRECCION FISICA: 138 - TAMAÑO: 1
[INFO] 03:48:59:635 memoria.log/(31642:31903): ACCESO A ESPACIO USUARIO - PID 3 - ACCION: ESCRITURA EN MEMORIA - DIRECCION FISICA: 176 - TAMAÑO: 16
[INFO] 03:48:59:636 memoria.log/(31642:31903): ACCESO A ESPACIO USUARIO - PID 3 - ACCION: ESCRITURA EN MEMORIA - DIRECCION FISICA: 192 - TAMAÑO: 10
[INFO] 03:49:28:944 memoria.log/(31642:31728): Acceso a tabla de páginas: PID: 2 - Página: 0 - Marco: 8

[INFO] 03:49:28:945 memoria.log/(31642:31728): ACCESO A ESPACIO USUARIO - PID 2 - ACCION: ESCRITURA EN MEMORIA - DIRECCION FISICA: 139 - TAMAÑO: 1
[INFO] 03:49:47:624 memoria.log/(31642:31728): Acceso a tabla de páginas: PID: 3 - Página: 0 - Marco: 11

[INFO] 03:49:47:625 memoria.log/(31642:31728): Acceso a tabla de páginas: PID: 3 - Página: 2 - Marco: 13

[INFO] 03:49:47:627 memoria.log/(31642:31728): ACCESO A ESPACIO USUARIO - PID 3 - ACCION: LECTURA EN MEMORIA - DIRECCION FISICA: 176 - TAMAÑO: 0
[INFO] 03:49:47:632 memoria.log/(31642:31728): ACCESO A ESPACIO USUARIO - PID 3 - ACCION: ESCRITURA EN MEMORIA - DIRECCION FISICA: 208 - TAMAÑO: 0
[INFO] 03:49:58:601 memoria.log/(31642:31728): Acceso a tabla de páginas: PID: 1 - Página: 0 - Marco: 0

[INFO] 03:49:58:602 memoria.log/(31642:31728): ACCESO A ESPACIO USUARIO - PID 1 - ACCION: ESCRITURA EN MEMORIA - DIRECCION FISICA: 11 - TAMAÑO: 1
[INFO] 03:50:08:919 memoria.log/(31642:31728): Acceso a tabla de páginas: PID: 2 - Página: 0 - Marco: 8

[INFO] 03:50:08:919 memoria.log/(31642:31728): ACCESO A ESPACIO USUARIO - PID 2 - ACCION: ESCRITURA EN MEMORIA - DIRECCION FISICA: 140 - TAMAÑO: 1
[INFO] 03:50:31:419 memoria.log/(31642:31728): Acceso a tabla de páginas: PID: 3 - Página: 3 - Marco: 14

[INFO] 03:50:31:419 memoria.log/(31642:31728): ACCESO A ESPACIO USUARIO - PID 3 - ACCION: ESCRITURA EN MEMORIA - DIRECCION FISICA: 228 - TAMAÑO: 1
[INFO] 03:50:36:910 memoria.log/(31642:31728): Acceso a tabla de páginas: PID: 1 - Página: 0 - Marco: 0

[INFO] 03:50:36:910 memoria.log/(31642:31728): ACCESO A ESPACIO USUARIO - PID 1 - ACCION: ESCRITURA EN MEMORIA - DIRECCION FISICA: 12 - TAMAÑO: 1
[INFO] 03:51:01:689 memoria.log/(31642:31728): Acceso a tabla de páginas: PID: 1 - Página: 0 - Marco: 0

[INFO] 03:51:01:690 memoria.log/(31642:31728): ACCESO A ESPACIO USUARIO - PID 1 - ACCION: ESCRITURA EN MEMORIA - DIRECCION FISICA: 13 - TAMAÑO: 1
[INFO] 03:51:05:229 memoria.log/(31642:31728): Acceso a tabla de páginas: PID: 2 - Página: 0 - Marco: 8

[INFO] 03:51:05:230 memoria.log/(31642:31728): ACCESO A ESPACIO USUARIO - PID 2 - ACCION: ESCRITURA EN MEMORIA - DIRECCION FISICA: 141 - TAMAÑO: 1
[INFO] 03:51:12:939 memoria.log/(31642:31728): Acceso a tabla de páginas: PID: 3 - Página: 3 - Marco: 14

[INFO] 03:51:12:939 memoria.log/(31642:31728): ACCESO A ESPACIO USUARIO - PID 3 - ACCION: ESCRITURA EN MEMORIA - DIRECCION FISICA: 233 - TAMAÑO: 1
[INFO] 03:51:38:799 memoria.log/(31642:31728): Acceso a tabla de páginas: PID: 1 - Página: 0 - Marco: 0

[INFO] 03:51:38:800 memoria.log/(31642:31728): ACCESO A ESPACIO USUARIO - PID 1 - ACCION: ESCRITURA EN MEMORIA - DIRECCION FISICA: 14 - TAMAÑO: 1
[INFO] 03:51:49:301 memoria.log/(31642:31728): Acceso a tabla de páginas: PID: 3 - Página: 2 - Marco: 13

[INFO] 03:51:49:301 memoria.log/(31642:31728): Acceso a tabla de páginas: PID: 3 - Página: 3 - Marco: 14

[INFO] 03:51:51:945 memoria.log/(31642:32235): ACCESO A ESPACIO USUARIO - PID 3 - ACCION: LECTURA EN MEMORIA - DIRECCION FISICA: 208 - TAMAÑO: 16
[INFO] 03:51:51:946 memoria.log/(31642:32235): ACCESO A ESPACIO USUARIO - PID 3 - ACCION: LECTURA EN MEMORIA - DIRECCION FISICA: 224 - TAMAÑO: 10
[INFO] 03:51:53:619 memoria.log/(31642:31728): Acceso a tabla de páginas: PID: 2 - Página: 0 - Marco: 8

[INFO] 03:51:53:620 memoria.log/(31642:31728): ACCESO A ESPACIO USUARIO - PID 2 - ACCION: ESCRITURA EN MEMORIA - DIRECCION FISICA: 142 - TAMAÑO: 1
[INFO] 03:52:11:137 memoria.log/(31642:31728): Acceso a tabla de páginas: PID: 1 - Página: 0 - Marco: 0

[INFO] 03:52:11:138 memoria.log/(31642:31728): ACCESO A ESPACIO USUARIO - PID 1 - ACCION: ESCRITURA EN MEMORIA - DIRECCION FISICA: 15 - TAMAÑO: 1
[INFO] 03:52:26:019 memoria.log/(31642:31728): Acceso a tabla de páginas: PID: 2 - Página: 0 - Marco: 8

[INFO] 03:52:26:019 memoria.log/(31642:31728): ACCESO A ESPACIO USUARIO - PID 2 - ACCION: ESCRITURA EN MEMORIA - DIRECCION FISICA: 143 - TAMAÑO: 1
[INFO] 03:52:46:929 memoria.log/(31642:31728): Acceso a tabla de páginas: PID: 1 - Página: 0 - Marco: 0

[INFO] 03:52:46:929 memoria.log/(31642:31728): Acceso a tabla de páginas: PID: 1 - Página: 1 - Marco: 1

[INFO] 03:52:52:855 memoria.log/(31642:32235): ACCESO A ESPACIO USUARIO - PID 1 - ACCION: LECTURA EN MEMORIA - DIRECCION FISICA: 11 - TAMAÑO: 5
[INFO] 03:52:52:855 memoria.log/(31642:32235): ACCESO A ESPACIO USUARIO - PID 1 - ACCION: LECTURA EN MEMORIA - DIRECCION FISICA: 16 - TAMAÑO: 16
[INFO] 03:53:06:637 memoria.log/(31642:31728): Acceso a tabla de páginas: PID: 2 - Página: 1 - Marco: 9

[INFO] 03:53:06:637 memoria.log/(31642:31728): ACCESO A ESPACIO USUARIO - PID 2 - ACCION: ESCRITURA EN MEMORIA - DIRECCION FISICA: 144 - TAMAÑO: 1
[INFO] 03:53:24:427 memoria.log/(31642:31728): Acceso a tabla de páginas: PID: 2 - Página: 1 - Marco: 9

[INFO] 03:53:24:428 memoria.log/(31642:31728): ACCESO A ESPACIO USUARIO - PID 2 - ACCION: ESCRITURA EN MEMORIA - DIRECCION FISICA: 145 - TAMAÑO: 1
[INFO] 03:53:36:996 memoria.log/(31642:31728): Acceso a tabla de páginas: PID: 2 - Página: 1 - Marco: 9

[INFO] 03:53:36:997 memoria.log/(31642:31728): ACCESO A ESPACIO USUARIO - PID 2 - ACCION: ESCRITURA EN MEMORIA - DIRECCION FISICA: 146 - TAMAÑO: 1
[INFO] 03:53:46:927 memoria.log/(31642:31728): Acceso a tabla de páginas: PID: 2 - Página: 1 - Marco: 9

[INFO] 03:53:46:927 memoria.log/(31642:31728): ACCESO A ESPACIO USUARIO - PID 2 - ACCION: ESCRITURA EN MEMORIA - DIRECCION FISICA: 147 - TAMAÑO: 1
[INFO] 03:53:57:652 memoria.log/(31642:31728): Acceso a tabla de páginas: PID: 2 - Página: 1 - Marco: 9

[INFO] 03:53:57:653 memoria.log/(31642:31728): ACCESO A ESPACIO USUARIO - PID 2 - ACCION: ESCRITURA EN MEMORIA - DIRECCION FISICA: 148 - TAMAÑO: 1
[INFO] 03:54:13:225 memoria.log/(31642:31728): Acceso a tabla de páginas: PID: 2 - Página: 1 - Marco: 9

[INFO] 03:54:13:226 memoria.log/(31642:31728): ACCESO A ESPACIO USUARIO - PID 2 - ACCION: ESCRITURA EN MEMORIA - DIRECCION FISICA: 149 - TAMAÑO: 1
[INFO] 03:54:24:637 memoria.log/(31642:31728): Acceso a tabla de páginas: PID: 2 - Página: 1 - Marco: 9

[INFO] 03:54:24:637 memoria.log/(31642:31728): ACCESO A ESPACIO USUARIO - PID 2 - ACCION: ESCRITURA EN MEMORIA - DIRECCION FISICA: 150 - TAMAÑO: 1
[INFO] 03:54:45:171 memoria.log/(31642:31728): Acceso a tabla de páginas: PID: 2 - Página: 1 - Marco: 9

[INFO] 03:54:45:172 memoria.log/(31642:31728): ACCESO A ESPACIO USUARIO - PID 2 - ACCION: ESCRITURA EN MEMORIA - DIRECCION FISICA: 151 - TAMAÑO: 1
[INFO] 03:55:00:396 memoria.log/(31642:31728): Acceso a tabla de páginas: PID: 2 - Página: 1 - Marco: 9

[INFO] 03:55:00:397 memoria.log/(31642:31728): ACCESO A ESPACIO USUARIO - PID 2 - ACCION: ESCRITURA EN MEMORIA - DIRECCION FISICA: 152 - TAMAÑO: 1
[INFO] 03:55:14:152 memoria.log/(31642:31728): Acceso a tabla de páginas: PID: 2 - Página: 1 - Marco: 9

[INFO] 03:55:14:155 memoria.log/(31642:31728): ACCESO A ESPACIO USUARIO - PID 2 - ACCION: ESCRITURA EN MEMORIA - DIRECCION FISICA: 153 - TAMAÑO: 1
[INFO] 03:55:27:269 memoria.log/(31642:31728): Acceso a tabla de páginas: PID: 2 - Página: 1 - Marco: 9

[INFO] 03:55:27:270 memoria.log/(31642:31728): ACCESO A ESPACIO USUARIO - PID 2 - ACCION: ESCRITURA EN MEMORIA - DIRECCION FISICA: 154 - TAMAÑO: 1
[INFO] 03:55:52:108 memoria.log/(31642:31728): Acceso a tabla de páginas: PID: 2 - Página: 1 - Marco: 9

[INFO] 03:55:52:109 memoria.log/(31642:31728): ACCESO A ESPACIO USUARIO - PID 2 - ACCION: ESCRITURA EN MEMORIA - DIRECCION FISICA: 155 - TAMAÑO: 1
[INFO] 03:55:52:414 memoria.log/(31642:31728): Acceso a tabla de páginas: PID: 2 - Página: 1 - Marco: 9

[INFO] 03:55:52:416 memoria.log/(31642:31728): ACCESO A ESPACIO USUARIO - PID 2 - ACCION: ESCRITURA EN MEMORIA - DIRECCION FISICA: 156 - TAMAÑO: 1
[INFO] 03:55:52:732 memoria.log/(31642:31728): Acceso a tabla de páginas: PID: 2 - Página: 1 - Marco: 9

[INFO] 03:55:52:739 memoria.log/(31642:31728): ACCESO A ESPACIO USUARIO - PID 2 - ACCION: ESCRITURA EN MEMORIA - DIRECCION FISICA: 157 - TAMAÑO: 1
[INFO] 03:55:53:556 memoria.log/(31642:31728): Acceso a tabla de páginas: PID: 2 - Página: 1 - Marco: 9

[INFO] 03:55:53:559 memoria.log/(31642:31728): ACCESO A ESPACIO USUARIO - PID 2 - ACCION: ESCRITURA EN MEMORIA - DIRECCION FISICA: 158 - TAMAÑO: 1
[INFO] 03:55:53:886 memoria.log/(31642:31728): Acceso a tabla de páginas: PID: 2 - Página: 1 - Marco: 9

[INFO] 03:55:53:887 memoria.log/(31642:31728): ACCESO A ESPACIO USUARIO - PID 2 - ACCION: ESCRITURA EN MEMORIA - DIRECCION FISICA: 159 - TAMAÑO: 1
[INFO] 03:56:00:700 memoria.log/(31642:31728): Acceso a tabla de páginas: PID: 2 - Página: 2 - Marco: 10

[INFO] 03:56:00:715 memoria.log/(31642:31728): ACCESO A ESPACIO USUARIO - PID 2 - ACCION: ESCRITURA EN MEMORIA - DIRECCION FISICA: 160 - TAMAÑO: 1
[INFO] 03:56:06:980 memoria.log/(31642:31728): Acceso a tabla de páginas: PID: 2 - Página: 2 - Marco: 10

[INFO] 03:56:06:981 memoria.log/(31642:31728): ACCESO A ESPACIO USUARIO - PID 2 - ACCION: ESCRITURA EN MEMORIA - DIRECCION FISICA: 161 - TAMAÑO: 1
[INFO] 03:56:15:381 memoria.log/(31642:31728): Acceso a tabla de páginas: PID: 2 - Página: 2 - Marco: 10

[INFO] 03:56:15:383 memoria.log/(31642:31728): ACCESO A ESPACIO USUARIO - PID 2 - ACCION: ESCRITURA EN MEMORIA - DIRECCION FISICA: 162 - TAMAÑO: 1
[INFO] 03:56:35:965 memoria.log/(31642:31728): Acceso a tabla de páginas: PID: 2 - Página: 2 - Marco: 10

[INFO] 03:56:35:965 memoria.log/(31642:31728): ACCESO A ESPACIO USUARIO - PID 2 - ACCION: ESCRITURA EN MEMORIA - DIRECCION FISICA: 163 - TAMAÑO: 1
[INFO] 03:56:41:766 memoria.log/(31642:31728): Acceso a tabla de páginas: PID: 2 - Página: 2 - Marco: 10

[INFO] 03:56:41:782 memoria.log/(31642:31728): ACCESO A ESPACIO USUARIO - PID 2 - ACCION: ESCRITURA EN MEMORIA - DIRECCION FISICA: 164 - TAMAÑO: 1
[INFO] 03:56:44:012 memoria.log/(31642:31728): Acceso a tabla de páginas: PID: 2 - Página: 0 - Marco: 8

[INFO] 03:56:44:013 memoria.log/(31642:31728): Acceso a tabla de páginas: PID: 2 - Página: 1 - Marco: 9

[INFO] 03:56:44:013 memoria.log/(31642:31728): Acceso a tabla de páginas: PID: 2 - Página: 2 - Marco: 10

[INFO] 03:56:44:016 memoria.log/(31642:32235): ACCESO A ESPACIO USUARIO - PID 2 - ACCION: LECTURA EN MEMORIA - DIRECCION FISICA: 128 - TAMAÑO: 16
[INFO] 03:56:44:016 memoria.log/(31642:32235): ACCESO A ESPACIO USUARIO - PID 2 - ACCION: LECTURA EN MEMORIA - DIRECCION FISICA: 144 - TAMAÑO: 16
[INFO] 03:56:44:022 memoria.log/(31642:32235): ACCESO A ESPACIO USUARIO - PID 2 - ACCION: LECTURA EN MEMORIA - DIRECCION FISICA: 160 - TAMAÑO: 5
